2020-09-25 10:23:01 - 


Fuma AI Fuma RSU Manage System Starting...



2020-09-25 10:23:01 - PIS Server Starting...
2020-09-25 10:23:01 - Reset all RSU Device Status to offline.
2020-09-25 10:23:01 - RSU Manager Starting...
2020-09-25 10:23:21 - User rsuAdmin login successful, IP: 192.168.1.4, login Time: 2020-09-25 10:23:21, login Session ID: 514
2020-09-25 10:25:04 - User rsuAdmin online, IP: 192.168.1.4, login time: 2020-09-25 10:23:21, login Session ID: 514
2020-09-25 10:25:04 - 


Fuma AI Fuma RSU Manage System Starting...



2020-09-25 10:25:04 - PIS Server Starting...
2020-09-25 10:25:04 - Reset all RSU Device Status to offline.
2020-09-25 10:25:04 - RSU Manager Starting...
2020-09-25 10:30:01 - User rsuAdmin online, IP: 192.168.1.4, login time: 2020-09-25 10:23:21, login Session ID: 514
2020-09-25 10:30:02 - 


Fuma AI Fuma RSU Manage System Starting...



2020-09-25 10:30:02 - PIS Server Starting...
2020-09-25 10:30:02 - Reset all RSU Device Status to offline.
2020-09-25 10:30:02 - RSU Manager Starting...
2020-09-25 10:33:23 - User rsuAdmin online, IP: 192.168.1.4, login time: 2020-09-25 10:23:21, login Session ID: 514
2020-09-25 10:33:23 - 


Fuma AI Fuma RSU Manage System Starting...



2020-09-25 10:33:23 - PIS Server Starting...
2020-09-25 10:33:24 - Reset all RSU Device Status to offline.
2020-09-25 10:33:24 - RSU Manager Starting...
2020-09-25 10:33:43 - User rsuAdmin online, IP: 192.168.1.4, login time: 2020-09-25 10:23:21, login Session ID: 514
2020-09-25 10:33:43 - 


Fuma AI Fuma RSU Manage System Starting...



2020-09-25 10:33:43 - PIS Server Starting...
2020-09-25 10:33:43 - Reset all RSU Device Status to offline.
2020-09-25 10:33:43 - RSU Manager Starting...
2020-09-25 10:33:52 - onException : <class 'NameError'>
2020-09-25 10:33:52 - name 'historyTable' is not defined
2020-09-25 10:33:52 - Operation Log: RSU管理员 删除 RSU 项目：四川高路绕城高速智慧交通项目
2020-09-25 10:35:59 - User rsuAdmin online, IP: 192.168.1.4, login time: 2020-09-25 10:23:21, login Session ID: 514
2020-09-25 10:35:59 - 


Fuma AI Fuma RSU Manage System Starting...



2020-09-25 10:35:59 - PIS Server Starting...
2020-09-25 10:35:59 - Reset all RSU Device Status to offline.
2020-09-25 10:35:59 - RSU Manager Starting...
2020-09-25 10:36:04 - MoveDeleteRecord SQL: 
2020-09-25 10:36:04 - Operation Log: RSU管理员 删除 RSU 项目：四川高路广元G5高速智慧交通项目
2020-09-25 10:39:12 - User rsuAdmin online, IP: 192.168.1.4, login time: 2020-09-25 10:23:21, login Session ID: 514
2020-09-25 10:39:12 - 


Fuma AI Fuma RSU Manage System Starting...



2020-09-25 10:39:12 - PIS Server Starting...
2020-09-25 10:39:12 - Reset all RSU Device Status to offline.
2020-09-25 10:39:12 - RSU Manager Starting...
2020-09-25 10:39:18 - MoveDeleteRecord SQL: 
2020-09-25 10:39:18 - Operation Log: RSU管理员 删除 RSU 项目：四川高路广元G5高速智慧交通项目
2020-09-25 10:39:18 - {'operator_id': 37, 'menu_code': 'rsuProjectManage', 'operation_context': 'RSU管理员 删除 RSU 项目：四川高路广元G5高速智慧交通项目', 'operation_id': <built-in function id>, 'create_time': '2020-09-25 10:39:18', 'operation_no': '', 'system_user_id': 7}
2020-09-25 10:40:45 - User rsuAdmin online, IP: 192.168.1.4, login time: 2020-09-25 10:23:21, login Session ID: 514
2020-09-25 10:40:45 - 


Fuma AI Fuma RSU Manage System Starting...



2020-09-25 10:40:45 - PIS Server Starting...
2020-09-25 10:40:45 - Reset all RSU Device Status to offline.
2020-09-25 10:40:45 - RSU Manager Starting...
2020-09-25 10:40:51 - MoveDeleteRecord SQL: 
2020-09-25 10:40:51 - Operation Log: RSU管理员 删除 RSU 项目：四川高路广元G5高速智慧交通项目
2020-09-25 10:40:51 - {'operator_id': 37, 'menu_code': 'rsuProjectManage', 'operation_context': 'RSU管理员 删除 RSU 项目：四川高路广元G5高速智慧交通项目', 'operation_id': 5, 'create_time': '2020-09-25 10:40:51', 'operation_no': '', 'system_user_id': 7}
2020-09-25 10:41:17 - User rsuAdmin online, IP: 192.168.1.4, login time: 2020-09-25 10:23:21, login Session ID: 514
2020-09-25 10:41:17 - 


Fuma AI Fuma RSU Manage System Starting...



2020-09-25 10:41:17 - PIS Server Starting...
2020-09-25 10:41:17 - Reset all RSU Device Status to offline.
2020-09-25 10:41:17 - RSU Manager Starting...
2020-09-25 10:41:32 - MoveDeleteRecord SQL: 
2020-09-25 10:41:32 - Operation Log: RSU管理员 删除 RSU 项目：四川高路龙池智慧交通示范项目
2020-09-25 10:41:32 - {'operator_id': 37, 'menu_code': 'rsuProjectManage', 'operation_context': 'RSU管理员 删除 RSU 项目：四川高路龙池智慧交通示范项目', 'operation_id': 1, 'create_time': '2020-09-25 10:41:32', 'operation_no': '', 'system_user_id': 7}
2020-09-25 10:41:49 - User rsuAdmin online, IP: 192.168.1.4, login time: 2020-09-25 10:23:21, login Session ID: 514
2020-09-25 10:41:49 - 


Fuma AI Fuma RSU Manage System Starting...



2020-09-25 10:41:49 - PIS Server Starting...
2020-09-25 10:41:49 - Reset all RSU Device Status to offline.
2020-09-25 10:41:49 - RSU Manager Starting...
2020-09-25 10:46:04 - User rsuAdmin online, IP: 192.168.1.4, login time: 2020-09-25 10:23:21, login Session ID: 514
2020-09-25 10:46:04 - 


Fuma AI Fuma RSU Manage System Starting...



2020-09-25 10:46:04 - PIS Server Starting...
2020-09-25 10:46:04 - Reset all RSU Device Status to offline.
2020-09-25 10:46:04 - RSU Manager Starting...
2020-09-25 10:46:37 - User rsuAdmin online, IP: 192.168.1.4, login time: 2020-09-25 10:23:21, login Session ID: 514
2020-09-25 10:46:37 - 


Fuma AI Fuma RSU Manage System Starting...



2020-09-25 10:46:37 - PIS Server Starting...
2020-09-25 10:46:37 - Reset all RSU Device Status to offline.
2020-09-25 10:46:37 - RSU Manager Starting...
2020-09-25 10:46:43 - ['id', 'create_time', 'update_time', 'create_id', 'update_id', 'project_name', 'project_amount', 'sign_date', 'sign_addr', 'parta_id', 'parta_code', 'parta_man_name', 'parta_title', 'partb_id', 'partb_code', 'partb_man_name', 'partb_title', 'system_user_id', 'rec_status']
2020-09-25 10:46:43 - Operation Log: RSU管理员 删除 RSU 项目：四川高路龙池智慧交通示范项目
2020-09-25 10:47:04 - User rsuAdmin online, IP: 192.168.1.4, login time: 2020-09-25 10:23:21, login Session ID: 514
2020-09-25 10:47:04 - 


Fuma AI Fuma RSU Manage System Starting...



2020-09-25 10:47:04 - PIS Server Starting...
2020-09-25 10:47:04 - Reset all RSU Device Status to offline.
2020-09-25 10:47:04 - RSU Manager Starting...
2020-09-25 10:47:09 - onException : <class 'AttributeError'>
2020-09-25 10:47:09 - 'list' object has no attribute 'delete'
2020-09-25 10:47:09 - Operation Log: RSU管理员 删除 RSU 项目：四川高路绕城高速智慧交通项目
2020-09-25 10:49:05 - User rsuAdmin online, IP: 192.168.1.4, login time: 2020-09-25 10:23:21, login Session ID: 514
2020-09-25 10:49:45 - User rsuAdmin lost connection, login time: 2020-09-25 10:23:21, IP address: 192.168.1.4, login Session ID: 514
2020-09-25 10:54:48 - 


Fuma AI Fuma RSU Manage System Starting...



2020-09-25 10:54:48 - PIS Server Starting...
2020-09-25 10:54:48 - Reset all RSU Device Status to offline.
2020-09-25 10:54:48 - RSU Manager Starting...
2020-09-25 10:54:52 - User rsuAdmin re-connection, login Session ID: 514, login time: 2020-09-25 10:23:21
2020-09-25 10:54:56 - onException : <class 'TypeError'>
2020-09-25 10:54:56 - object of type 'filter' has no len()
2020-09-25 10:54:56 - Operation Log: RSU管理员 删除 RSU 项目：四川高路龙池智慧交通示范项目
2020-09-25 11:00:22 - User rsuAdmin logout, login Session ID: 514
2020-09-25 11:19:01 - 


Fuma AI Fuma RSU Manage System Starting...



2020-09-25 11:19:01 - PIS Server Starting...
2020-09-25 11:19:01 - Reset all RSU Device Status to offline.
2020-09-25 11:19:01 - RSU Manager Starting...
2020-09-25 11:19:06 - User rsuAdmin login successful, IP: 192.168.1.4, login Time: 2020-09-25 11:19:06, login Session ID: 515
2020-09-25 11:19:12 - onException : <class 'TypeError'>
2020-09-25 11:19:12 - object of type 'filter' has no len()
2020-09-25 11:19:12 - Operation Log: RSU管理员 删除 RSU 项目：四川高路龙池智慧交通示范项目
2020-09-25 11:19:33 - User rsuAdmin online, IP: 192.168.1.4, login time: 2020-09-25 11:19:06, login Session ID: 515
2020-09-25 11:19:33 - 


Fuma AI Fuma RSU Manage System Starting...



2020-09-25 11:19:33 - PIS Server Starting...
2020-09-25 11:19:33 - Reset all RSU Device Status to offline.
2020-09-25 11:19:33 - RSU Manager Starting...
2020-09-25 11:19:40 - create_time,update_time,create_id,update_id,project_name,project_amount,sign_date,sign_addr,parta_id,parta_code,parta_man_name,parta_title,partb_id,partb_code,partb_man_name,partb_title,system_user_id,rec_status
2020-09-25 11:19:40 - Operation Log: RSU管理员 删除 RSU 项目：四川高路龙池智慧交通示范项目
2020-09-25 11:20:28 - User rsuAdmin online, IP: 192.168.1.4, login time: 2020-09-25 11:19:06, login Session ID: 515
2020-09-25 11:20:28 - 


Fuma AI Fuma RSU Manage System Starting...



2020-09-25 11:20:28 - PIS Server Starting...
2020-09-25 11:20:28 - Reset all RSU Device Status to offline.
2020-09-25 11:20:28 - RSU Manager Starting...
2020-09-25 11:20:33 - create_time,update_time,create_id,update_id,project_name,project_amount,sign_date,sign_addr,parta_id,parta_code,parta_man_name,parta_title,partb_id,partb_code,partb_man_name,partb_title,system_user_id,rec_status
2020-09-25 11:20:33 - Operation Log: RSU管理员 删除 RSU 项目：四川高路龙池智慧交通示范项目
2020-09-25 11:26:07 - User rsuAdmin logout, login Session ID: 515
2020-09-25 18:56:30 - 


Fuma AI Fuma RSU Manage System Starting...



2020-09-25 18:56:30 - PIS Server Starting...
2020-09-25 18:56:30 - Reset all RSU Device Status to offline.
2020-09-25 18:56:30 - RSU Manager Starting...
2020-09-25 18:56:35 - User rsuAdmin login successful, IP: 192.168.1.4, login Time: 2020-09-25 18:56:35, login Session ID: 516
2020-09-25 19:02:36 - User rsuAdmin logout, login Session ID: 516
2020-09-25 19:05:37 - 


Fuma AI Fuma RSU Manage System Starting...



2020-09-25 19:05:37 - PIS Server Starting...
2020-09-25 19:05:37 - Reset all RSU Device Status to offline.
2020-09-25 19:05:37 - RSU Manager Starting...
2020-09-25 19:05:42 - User rsuAdmin login successful, IP: 192.168.1.4, login Time: 2020-09-25 19:05:42, login Session ID: 517
2020-09-25 19:06:31 - User rsuAdmin online, IP: 192.168.1.4, login time: 2020-09-25 19:05:42, login Session ID: 517
2020-09-25 19:06:32 - 


Fuma AI Fuma RSU Manage System Starting...



2020-09-25 19:06:32 - PIS Server Starting...
2020-09-25 19:06:32 - Reset all RSU Device Status to offline.
2020-09-25 19:06:32 - RSU Manager Starting...
2020-09-25 19:06:37 - {'struct': 'create_time,update_time,create_id,update_id,project_name,project_amount,sign_date,sign_addr,parta_id,parta_code,parta_man_name,parta_title,partb_id,partb_code,partb_man_name,partb_title,system_user_id,rec_status', 'rows': [(datetime.datetime(2020, 8, 26, 9, 33, 7), None, 37, None, '四川高路龙池智慧交通示范项目', 966.03, '2020-08-26', '四川成都', 6, 'GAOLU-2020-001', '陈非', '总经理', 5, 'FUMA-2020-001', '方国彬', '总经理', 7, '2')]}
2020-09-25 19:06:37 - Operation Log: RSU管理员 删除 RSU 项目：四川高路龙池智慧交通示范项目
2020-09-25 19:15:34 - User rsuAdmin online, IP: 192.168.1.4, login time: 2020-09-25 19:05:42, login Session ID: 517
2020-09-25 19:15:34 - 


Fuma AI Fuma RSU Manage System Starting...



2020-09-25 19:15:34 - PIS Server Starting...
2020-09-25 19:15:34 - Reset all RSU Device Status to offline.
2020-09-25 19:15:34 - RSU Manager Starting...
2020-09-25 19:15:42 - [{'create_time': datetime.datetime(2020, 8, 26, 8, 48, 9), 'update_time': datetime.datetime(2020, 8, 26, 9, 28, 4), 'create_id': 37, 'update_id': 37, 'project_name': '四川高路龙池智慧交通示范项目', 'project_amount': 966.09, 'sign_date': '2020-08-26', 'sign_addr': '四川成都', 'parta_id': 6, 'parta_code': 'GAOLU-2020-001', 'parta_man_name': '陈非', 'parta_title': '总经理', 'partb_id': 5, 'partb_code': 'FUMA-2020-001', 'partb_man_name': '方国彬', 'partb_title': '总经理', 'system_user_id': 7, 'rec_status': '5'}]
2020-09-25 19:15:42 - Operation Log: RSU管理员 删除 RSU 项目：四川高路龙池智慧交通示范项目
2020-09-25 19:21:09 - User rsuAdmin online, IP: 192.168.1.4, login time: 2020-09-25 19:05:42, login Session ID: 517
2020-09-25 19:21:09 - 


Fuma AI Fuma RSU Manage System Starting...



2020-09-25 19:21:09 - PIS Server Starting...
2020-09-25 19:21:09 - Reset all RSU Device Status to offline.
2020-09-25 19:21:09 - RSU Manager Starting...
2020-09-25 19:21:17 - onException : <class 'NameError'>
2020-09-25 19:21:17 - name 'GetSystemTime' is not defined
2020-09-25 19:21:17 - Operation Log: RSU管理员 删除 RSU 项目：四川高路龙池智慧交通示范项目
2020-09-25 19:21:40 - User rsuAdmin online, IP: 192.168.1.4, login time: 2020-09-25 19:05:42, login Session ID: 517
2020-09-25 19:21:40 - 


Fuma AI Fuma RSU Manage System Starting...



2020-09-25 19:21:40 - PIS Server Starting...
2020-09-25 19:21:40 - Reset all RSU Device Status to offline.
2020-09-25 19:21:40 - RSU Manager Starting...
2020-09-25 19:21:47 - {'create_time': datetime.datetime(2020, 8, 26, 9, 33, 7), 'update_time': None, 'create_id': 37, 'update_id': None, 'project_name': '四川高路龙池智慧交通示范项目', 'project_amount': 966.03, 'sign_date': '2020-08-26', 'sign_addr': '四川成都', 'parta_id': 6, 'parta_code': 'GAOLU-2020-001', 'parta_man_name': '陈非', 'parta_title': '总经理', 'partb_id': 5, 'partb_code': 'FUMA-2020-001', 'partb_man_name': '方国彬', 'partb_title': '总经理', 'system_user_id': 7, 'rec_status': '2', 'op_user_id': 37, 'op_datetime': '2020-09-25 19:21:47'}
2020-09-25 19:21:47 - Operation Log: RSU管理员 删除 RSU 项目：四川高路龙池智慧交通示范项目
2020-09-25 19:22:37 - User rsuAdmin online, IP: 192.168.1.4, login time: 2020-09-25 19:05:42, login Session ID: 517
2020-09-25 19:22:37 - 


Fuma AI Fuma RSU Manage System Starting...



2020-09-25 19:22:37 - PIS Server Starting...
2020-09-25 19:22:37 - Reset all RSU Device Status to offline.
2020-09-25 19:22:37 - RSU Manager Starting...
2020-09-25 19:22:41 - {'create_time': datetime.datetime(2020, 8, 26, 9, 33, 7), 'update_time': None, 'create_id': 37, 'update_id': None, 'project_name': '四川高路龙池智慧交通示范项目', 'project_amount': 966.03, 'sign_date': '2020-08-26', 'sign_addr': '四川成都', 'parta_id': 6, 'parta_code': 'GAOLU-2020-001', 'parta_man_name': '陈非', 'parta_title': '总经理', 'partb_id': 5, 'partb_code': 'FUMA-2020-001', 'partb_man_name': '方国彬', 'partb_title': '总经理', 'system_user_id': 7, 'rec_status': '2', 'op_user_id': 37, 'op_datetime': '2020-09-25 19:22:41'}
2020-09-25 19:22:41 - history.rsu_project
2020-09-25 19:22:41 - Operation Log: RSU管理员 删除 RSU 项目：四川高路龙池智慧交通示范项目
2020-09-25 19:29:50 - User rsuAdmin online, IP: 192.168.1.4, login time: 2020-09-25 19:05:42, login Session ID: 517
2020-09-25 19:29:50 - 


Fuma AI Fuma RSU Manage System Starting...



2020-09-25 19:29:50 - PIS Server Starting...
2020-09-25 19:29:50 - Reset all RSU Device Status to offline.
2020-09-25 19:29:50 - RSU Manager Starting...
2020-09-25 19:30:01 - User rsuAdmin online, IP: 192.168.1.4, login time: 2020-09-25 19:05:42, login Session ID: 517
2020-09-25 19:30:01 - 


Fuma AI Fuma RSU Manage System Starting...



2020-09-25 19:30:01 - PIS Server Starting...
2020-09-25 19:30:01 - Reset all RSU Device Status to offline.
2020-09-25 19:30:01 - RSU Manager Starting...
2020-09-25 19:30:07 - onException : <class 'libs.web.baseException.BaseError'>
2020-09-25 19:31:00 - User rsuAdmin online, IP: 192.168.1.4, login time: 2020-09-25 19:05:42, login Session ID: 517
2020-09-25 19:31:00 - 


Fuma AI Fuma RSU Manage System Starting...



2020-09-25 19:31:00 - PIS Server Starting...
2020-09-25 19:31:00 - Reset all RSU Device Status to offline.
2020-09-25 19:31:00 - RSU Manager Starting...
2020-09-25 19:31:08 - {'create_time': datetime.datetime(2020, 8, 26, 9, 33, 7), 'update_time': None, 'create_id': 37, 'update_id': None, 'project_name': '四川高路龙池智慧交通示范项目', 'project_amount': 966.03, 'sign_date': '2020-08-26', 'sign_addr': '四川成都', 'parta_id': 6, 'parta_code': 'GAOLU-2020-001', 'parta_man_name': '陈非', 'parta_title': '总经理', 'partb_id': 5, 'partb_code': 'FUMA-2020-001', 'partb_man_name': '方国彬', 'partb_title': '总经理', 'system_user_id': 7, 'rec_status': '2', 'op_user_id': 37, 'op_datetime': '2020-09-25 19:31:08'}
2020-09-25 19:31:08 - onException : <class 'libs.web.baseException.BaseError'>
2020-09-25 19:36:42 - User rsuAdmin logout, login Session ID: 517
2020-09-25 19:41:24 - 


Fuma AI Fuma RSU Manage System Starting...



2020-09-25 19:41:24 - PIS Server Starting...
2020-09-25 19:41:24 - Reset all RSU Device Status to offline.
2020-09-25 19:41:24 - RSU Manager Starting...
2020-09-25 19:41:28 - User rsuAdmin login successful, IP: 192.168.1.4, login Time: 2020-09-25 19:41:28, login Session ID: 518
2020-09-25 19:41:36 - onException : <class 'AttributeError'>
2020-09-25 19:41:36 - 'CURD' object has no attribute 'getCursor'
2020-09-25 19:41:36 - Operation Log: RSU管理员 删除 RSU 项目：四川高路绕城高速智慧交通项目
2020-09-25 19:42:23 - User rsuAdmin online, IP: 192.168.1.4, login time: 2020-09-25 19:41:28, login Session ID: 518
2020-09-25 19:42:23 - 


Fuma AI Fuma RSU Manage System Starting...



2020-09-25 19:42:23 - PIS Server Starting...
2020-09-25 19:42:23 - Reset all RSU Device Status to offline.
2020-09-25 19:42:23 - RSU Manager Starting...
2020-09-25 19:42:27 - onException : <class 'psycopg2.errors.NotNullViolation'>
2020-09-25 19:42:27 - null value in column "op_user_id" violates not-null constraint
DETAIL:  Failing row contains (1, 2020-09-05 14:22:17, null, 37, null, 四川高路绕城高速智慧交通项目, 2563.36, 2020-09-05, 四川成都, 6, GAOLU-2020-002, 陈非, 总经理, 5, FUMA-2020-002, 方国彬, 总经理, 7, 2, null, null).

2020-09-25 19:42:27 - Operation Log: RSU管理员 删除 RSU 项目：四川高路绕城高速智慧交通项目
2020-09-25 19:43:01 - onException : <class 'psycopg2.errors.NotNullViolation'>
2020-09-25 19:43:01 - null value in column "op_user_id" violates not-null constraint
DETAIL:  Failing row contains (2, 2020-08-26 09:33:07, null, 37, null, 四川高路龙池智慧交通示范项目, 966.03, 2020-08-26, 四川成都, 6, GAOLU-2020-001, 陈非, 总经理, 5, FUMA-2020-001, 方国彬, 总经理, 7, 2, null, null).

2020-09-25 19:43:01 - Operation Log: RSU管理员 删除 RSU 项目：四川高路龙池智慧交通示范项目
2020-09-25 19:44:11 - User rsuAdmin online, IP: 192.168.1.4, login time: 2020-09-25 19:41:28, login Session ID: 518
2020-09-25 19:44:11 - 


Fuma AI Fuma RSU Manage System Starting...



2020-09-25 19:44:11 - PIS Server Starting...
2020-09-25 19:44:11 - Reset all RSU Device Status to offline.
2020-09-25 19:44:11 - RSU Manager Starting...
2020-09-25 19:44:17 - onException : <class 'psycopg2.errors.NotNullViolation'>
2020-09-25 19:44:17 - null value in column "op_user_id" violates not-null constraint
DETAIL:  Failing row contains (3, 2020-08-26 08:48:09, 2020-08-26 09:28:04, 37, 37, 四川高路龙池智慧交通示范项目, 966.09, 2020-08-26, 四川成都, 6, GAOLU-2020-001, 陈非, 总经理, 5, FUMA-2020-001, 方国彬, 总经理, 7, 5, null, null).

2020-09-25 19:44:17 - Operation Log: RSU管理员 删除 RSU 项目：四川高路龙池智慧交通示范项目
2020-09-25 19:50:29 - User rsuAdmin logout, login Session ID: 518
2020-09-25 19:50:40 - User rsuAdmin login successful, IP: 192.168.1.4, login Time: 2020-09-25 19:50:40, login Session ID: 519
2020-09-25 19:50:46 - {'op_user_id': 37, 'op_datetime': '2020-09-25 19:50:46'}
2020-09-25 19:50:46 - Operation Log: RSU管理员 删除 RSU 项目：四川高路绕城高速智慧交通项目
2020-09-25 19:52:42 - User rsuAdmin online, IP: 192.168.1.4, login time: 2020-09-25 19:50:40, login Session ID: 519
2020-09-25 19:52:43 - 


Fuma AI Fuma RSU Manage System Starting...



2020-09-25 19:52:43 - PIS Server Starting...
2020-09-25 19:52:43 - Reset all RSU Device Status to offline.
2020-09-25 19:52:43 - RSU Manager Starting...
2020-09-25 19:54:56 - User rsuAdmin online, IP: 192.168.1.4, login time: 2020-09-25 19:50:40, login Session ID: 519
2020-09-25 19:54:57 - 


Fuma AI Fuma RSU Manage System Starting...



2020-09-25 19:54:57 - PIS Server Starting...
2020-09-25 19:54:57 - Reset all RSU Device Status to offline.
2020-09-25 19:54:57 - RSU Manager Starting...
2020-09-25 19:55:24 - User rsuAdmin online, IP: 192.168.1.4, login time: 2020-09-25 19:50:40, login Session ID: 519
2020-09-25 19:55:25 - 


Fuma AI Fuma RSU Manage System Starting...



2020-09-25 19:55:25 - PIS Server Starting...
2020-09-25 19:55:25 - Reset all RSU Device Status to offline.
2020-09-25 19:55:25 - RSU Manager Starting...
2020-09-25 19:57:24 - User rsuAdmin online, IP: 192.168.1.4, login time: 2020-09-25 19:50:40, login Session ID: 519
2020-09-25 19:57:24 - 


Fuma AI Fuma RSU Manage System Starting...



2020-09-25 19:57:24 - PIS Server Starting...
2020-09-25 19:57:24 - Reset all RSU Device Status to offline.
2020-09-25 19:57:24 - RSU Manager Starting...
2020-09-25 19:57:34 - Operation Log: RSU管理员 删除 RSU 项目：四川高路龙池智慧交通示范项目
2020-09-25 19:58:12 - User rsuAdmin online, IP: 192.168.1.4, login time: 2020-09-25 19:50:40, login Session ID: 519
2020-09-25 19:58:12 - 


Fuma AI Fuma RSU Manage System Starting...



2020-09-25 19:58:12 - PIS Server Starting...
2020-09-25 19:58:12 - Reset all RSU Device Status to offline.
2020-09-25 19:58:12 - RSU Manager Starting...
2020-09-25 19:58:18 - User rsuAdmin online, IP: 192.168.1.4, login time: 2020-09-25 19:50:40, login Session ID: 519
2020-09-25 19:58:18 - 


Fuma AI Fuma RSU Manage System Starting...



2020-09-25 19:58:18 - PIS Server Starting...
2020-09-25 19:58:18 - Reset all RSU Device Status to offline.
2020-09-25 19:58:18 - RSU Manager Starting...
2020-09-25 20:01:39 - User rsuAdmin online, IP: 192.168.1.4, login time: 2020-09-25 19:50:40, login Session ID: 519
2020-09-25 20:01:40 - 


Fuma AI Fuma RSU Manage System Starting...



2020-09-25 20:01:40 - PIS Server Starting...
2020-09-25 20:01:40 - Reset all RSU Device Status to offline.
2020-09-25 20:01:40 - RSU Manager Starting...
2020-09-25 20:02:59 - User rsuAdmin lost connection, login time: 2020-09-25 19:50:40, IP address: 192.168.1.4, login Session ID: 519
2020-09-26 16:29:12 - 


Fuma AI Fuma RSU Manage System Starting...



2020-09-26 16:29:12 - PIS Server Starting...
2020-09-26 16:29:12 - Reset all RSU Device Status to offline.
2020-09-26 16:29:12 - RSU Manager Starting...
2020-09-26 16:29:23 - User rsuAdmin login successful, IP: 192.168.1.4, login Time: 2020-09-26 16:29:23, login Session ID: 520
2020-09-26 16:30:28 - User rsuAdmin online, IP: 192.168.1.4, login time: 2020-09-26 16:29:23, login Session ID: 520
2020-09-26 16:30:29 - 


Fuma AI Fuma RSU Manage System Starting...



2020-09-26 16:30:29 - PIS Server Starting...
2020-09-26 16:30:29 - Reset all RSU Device Status to offline.
2020-09-26 16:30:29 - RSU Manager Starting...
2020-09-26 16:30:32 - Operation Log:  RSU管理员 下载了RSU清单 
2020-09-26 16:31:29 - User rsuAdmin lost connection, login time: 2020-09-26 16:29:23, IP address: 192.168.1.4, login Session ID: 520
2020-09-26 16:31:35 - 


Fuma AI Fuma RSU Manage System Starting...



2020-09-26 16:31:35 - PIS Server Starting...
2020-09-26 16:31:35 - Reset all RSU Device Status to offline.
2020-09-26 16:31:35 - RSU Manager Starting...
2020-09-26 16:31:41 - User rsuAdmin re-connection, login Session ID: 520, login time: 2020-09-26 16:29:23
2020-09-26 16:32:35 - User rsuAdmin lost connection, login time: 2020-09-26 16:29:23, IP address: 192.168.1.4, login Session ID: 520
2020-09-26 16:35:16 - User rsuAdmin re-connection, login Session ID: 520, login time: 2020-09-26 16:29:23
2020-09-26 16:36:15 - User rsuAdmin lost connection, login time: 2020-09-26 16:29:23, IP address: 192.168.1.4, login Session ID: 520
2020-09-26 16:36:37 - User rsuAdmin re-connection, login Session ID: 520, login time: 2020-09-26 16:29:23
2020-09-26 16:41:22 - 


Fuma AI Fuma RSU Manage System Starting...



2020-09-26 16:41:22 - PIS Server Starting...
2020-09-26 16:41:22 - Reset all RSU Device Status to offline.
2020-09-26 16:41:22 - RSU Manager Starting...
2020-09-26 16:41:25 - User rsuAdmin re-connection, login Session ID: 520, login time: 2020-09-26 16:29:23
2020-09-26 16:41:29 - Operation Log: RSU管理员 删除 RSU 设备：福马RSU-V1
2020-09-26 16:43:13 - 


Fuma AI Fuma RSU Manage System Starting...



2020-09-26 16:43:13 - PIS Server Starting...
2020-09-26 16:43:13 - Reset all RSU Device Status to offline.
2020-09-26 16:43:13 - RSU Manager Starting...
2020-09-26 16:43:15 - User rsuAdmin re-connection, login Session ID: 520, login time: 2020-09-26 16:29:23
2020-09-26 16:43:17 - Operation Log: RSU管理员 删除设备：福马RSU-V1(Fuma-RSU-2020-000104)
2020-09-26 16:43:34 - 


Fuma AI Fuma RSU Manage System Starting...



2020-09-26 16:43:34 - PIS Server Starting...
2020-09-26 16:43:34 - Reset all RSU Device Status to offline.
2020-09-26 16:43:34 - RSU Manager Starting...
2020-09-26 16:43:35 - User rsuAdmin re-connection, login Session ID: 520, login time: 2020-09-26 16:29:23
2020-09-26 16:43:38 - Operation Log: RSU管理员 删除设备：福马RSU-V1(Fuma-RSU-2020-000104)
2020-09-26 16:44:04 - Operation Log: RSU管理员 删除设备：福马RSU-V1(Fuma-RSU-2020-000200)
2020-09-26 16:45:08 - Operation Log: RSU管理员 删除设备：福马RSU-V1(Fuma-RSU-2020-000200)
2020-09-26 16:54:28 - User rsuAdmin logout, login Session ID: 520
2020-09-26 16:55:00 - 


Fuma AI Fuma RSU Manage System Starting...



2020-09-26 16:55:00 - PIS Server Starting...
2020-09-26 16:55:00 - Reset all RSU Device Status to offline.
2020-09-26 16:55:00 - RSU Manager Starting...
2020-09-26 16:55:14 - 


Fuma AI Fuma RSU Manage System Starting...



2020-09-26 16:55:14 - PIS Server Starting...
2020-09-26 16:55:14 - Reset all RSU Device Status to offline.
2020-09-26 16:55:14 - RSU Manager Starting...
2020-09-26 16:55:22 - User rsuAdmin login successful, IP: 192.168.1.4, login Time: 2020-09-26 16:55:22, login Session ID: 521
2020-09-26 16:55:33 - Operation Log: RSU管理员 删除 RSU 项目：四川高路龙池智慧交通示范项目
2020-09-26 17:01:23 - User rsuAdmin logout, login Session ID: 521
2020-09-27 08:30:37 - 


Fuma AI Fuma RSU Manage System Starting...



2020-09-27 08:30:37 - PIS Server Starting...
2020-09-27 08:30:38 - Reset all RSU Device Status to offline.
2020-09-27 08:30:38 - RSU Manager Starting...
2020-09-27 08:31:10 - 


Fuma AI Fuma RSU Manage System Starting...



2020-09-27 08:31:10 - PIS Server Starting...
2020-09-27 08:31:10 - Reset all RSU Device Status to offline.
2020-09-27 08:31:10 - RSU Manager Starting...
2020-09-27 08:31:19 - User rsuAdmin login successful, IP: 192.168.1.4, login Time: 2020-09-27 08:31:19, login Session ID: 522
2020-09-27 08:33:49 - User rsuAdmin online, IP: 192.168.1.4, login time: 2020-09-27 08:31:19, login Session ID: 522
2020-09-27 08:33:50 - 


Fuma AI Fuma RSU Manage System Starting...



2020-09-27 08:33:50 - PIS Server Starting...
2020-09-27 08:33:50 - Reset all RSU Device Status to offline.
2020-09-27 08:33:50 - RSU Manager Starting...
2020-09-27 08:35:15 - User rsuAdmin online, IP: 192.168.1.4, login time: 2020-09-27 08:31:19, login Session ID: 522
2020-09-27 08:35:15 - 


Fuma AI Fuma RSU Manage System Starting...



2020-09-27 08:35:15 - PIS Server Starting...
2020-09-27 08:35:15 - Reset all RSU Device Status to offline.
2020-09-27 08:35:15 - RSU Manager Starting...
2020-09-27 08:36:29 - User rsuAdmin online, IP: 192.168.1.4, login time: 2020-09-27 08:31:19, login Session ID: 522
2020-09-27 08:36:29 - 


Fuma AI Fuma RSU Manage System Starting...



2020-09-27 08:36:29 - PIS Server Starting...
2020-09-27 08:36:29 - Reset all RSU Device Status to offline.
2020-09-27 08:36:29 - RSU Manager Starting...
2020-09-27 08:37:25 - Operation Log:  RSU管理员 下载了RSU清单 
2020-09-27 08:42:17 - User rsuAdmin online, IP: 192.168.1.4, login time: 2020-09-27 08:31:19, login Session ID: 522
2020-09-27 08:42:17 - 


Fuma AI Fuma RSU Manage System Starting...



2020-09-27 08:42:17 - PIS Server Starting...
2020-09-27 08:42:17 - Reset all RSU Device Status to offline.
2020-09-27 08:42:17 - RSU Manager Starting...
2020-09-27 08:43:19 - User rsuAdmin logout, login Session ID: 522
2020-09-27 08:58:56 - 


Fuma AI Fuma RSU Manage System Starting...



2020-09-27 08:58:56 - PIS Server Starting...
2020-09-27 08:58:56 - Reset all RSU Device Status to offline.
2020-09-27 08:58:56 - RSU Manager Starting...
2020-09-27 08:59:06 - User rsuAdmin login successful, IP: 192.168.1.4, login Time: 2020-09-27 08:59:06, login Session ID: 523
2020-09-27 09:01:26 - User rsuAdmin online, IP: 192.168.1.4, login time: 2020-09-27 08:59:06, login Session ID: 523
2020-09-27 09:01:26 - 


Fuma AI Fuma RSU Manage System Starting...



2020-09-27 09:01:26 - PIS Server Starting...
2020-09-27 09:01:26 - Reset all RSU Device Status to offline.
2020-09-27 09:01:26 - RSU Manager Starting...
2020-09-27 09:01:57 - User rsuAdmin online, IP: 192.168.1.4, login time: 2020-09-27 08:59:06, login Session ID: 523
2020-09-27 09:01:57 - 


Fuma AI Fuma RSU Manage System Starting...



2020-09-27 09:01:57 - PIS Server Starting...
2020-09-27 09:01:57 - Reset all RSU Device Status to offline.
2020-09-27 09:01:57 - RSU Manager Starting...
2020-09-27 09:01:59 - Operation Log:  RSU管理员 下载了RSU清单 
2020-09-27 09:03:43 - User rsuAdmin online, IP: 192.168.1.4, login time: 2020-09-27 08:59:06, login Session ID: 523
2020-09-27 09:03:44 - 


Fuma AI Fuma RSU Manage System Starting...



2020-09-27 09:03:44 - PIS Server Starting...
2020-09-27 09:03:44 - Reset all RSU Device Status to offline.
2020-09-27 09:03:44 - RSU Manager Starting...
2020-09-27 09:05:20 - User rsuAdmin online, IP: 192.168.1.4, login time: 2020-09-27 08:59:06, login Session ID: 523
2020-09-27 09:05:20 - 


Fuma AI Fuma RSU Manage System Starting...



2020-09-27 09:05:20 - PIS Server Starting...
2020-09-27 09:05:20 - Reset all RSU Device Status to offline.
2020-09-27 09:05:20 - RSU Manager Starting...
2020-09-27 09:05:29 - ['SN', '项目名称', '生产厂家', '设备型号', '设备型号(英文)', '设备编号', '设备序列号', '设备描述', '设备类型ID', '生产日期', '生产地点', '生产批次', '二维码', '启用日期', '停用日期', '设备状态', '安装地点', '安装日期', 'IP地址1', 'IP地址2', '经度', '纬度', '地图地点']
2020-09-27 09:05:29 - [1, '四川高路广元G5高速智慧交通项目', '成都福马智行科技有限公司', '福马RSU-V1', 'Fuma-RSU-V1', 'Fuma-RSU-2020-000200', 'SN-Fuma-RSU-2020-000200', '4G/5G+PC5双模路侧单元', 1, '2020-09-10', '四川成都市高新区', 'Fuma-RSU-20200910', 'qr', '2020-09-10', '2099-12-31', '5', '四川广元市利州区G5(京昆高速)', '2020-09-05', '192.168.0.70', '192.168.1.71', 105.85846, 32.486114, '四川省广元市利州区G5(京昆高速)广元市利州区工农中心小学校西北188米']
2020-09-27 09:05:29 - [2, '四川高路广元G5高速智慧交通项目', '成都福马智行科技有限公司', '福马RSU-V1', 'Fuma-RSU-V1', 'Fuma-RSU-2020-000201', 'SN-Fuma-RSU-2020-000201', '4G/5G+PC6双模路侧单元', 1, '2020-09-11', '四川成都市高新区', 'Fuma-RSU-20200910', 'qr', '2020-09-10', '2099-12-31', '5', '四川广元市利州区G5(京昆高速)', '2020-09-05', '192.168.0.71', '192.168.1.72', 105.837798, 32.482414, '四川省广元市利州区G5(广陕广巴高速公路连接线上西互通)濠口村西405米']
2020-09-27 09:05:29 - Operation Log:  RSU管理员 下载了RSU清单 
2020-09-27 09:11:18 - User rsuAdmin online, IP: 192.168.1.4, login time: 2020-09-27 08:59:06, login Session ID: 523
2020-09-27 09:11:18 - 


Fuma AI Fuma RSU Manage System Starting...



2020-09-27 09:11:18 - PIS Server Starting...
2020-09-27 09:11:18 - Reset all RSU Device Status to offline.
2020-09-27 09:11:18 - RSU Manager Starting...
2020-09-27 09:11:36 - User rsuAdmin online, IP: 192.168.1.4, login time: 2020-09-27 08:59:06, login Session ID: 523
2020-09-27 09:11:36 - 


Fuma AI Fuma RSU Manage System Starting...



2020-09-27 09:11:36 - PIS Server Starting...
2020-09-27 09:11:36 - Reset all RSU Device Status to offline.
2020-09-27 09:11:36 - RSU Manager Starting...
2020-09-27 09:11:42 - ['SN', '项目名称', '生产厂家', '设备型号', '设备型号(英文)', '设备编号', '设备序列号', '设备描述', '设备类型ID', '生产日期', '生产地点', '生产批次', '二维码', '启用日期', '停用日期', '设备状态', '安装地点', '安装日期', 'IP地址1', 'IP地址2', '经度', '纬度', '地图地点']
2020-09-27 09:11:42 - [1, '四川高路广元G5高速智慧交通项目', '成都福马智行科技有限公司', '福马RSU-V1', 'Fuma-RSU-V1', 'Fuma-RSU-2020-000200', 'SN-Fuma-RSU-2020-000200', '4G/5G+PC5双模路侧单元', 1, '2020-09-10', '四川成都市高新区', 'Fuma-RSU-20200910', 'qr', '2020-09-10', '2099-12-31', '5', '四川广元市利州区G5(京昆高速)', '2020-09-05', '192.168.0.70', '192.168.1.71', 105.85846, 32.486114, '四川省广元市利州区G5(京昆高速)广元市利州区工农中心小学校西北188米']
2020-09-27 09:11:42 - [2, '四川高路广元G5高速智慧交通项目', '成都福马智行科技有限公司', '福马RSU-V1', 'Fuma-RSU-V1', 'Fuma-RSU-2020-000201', 'SN-Fuma-RSU-2020-000201', '4G/5G+PC6双模路侧单元', 1, '2020-09-11', '四川成都市高新区', 'Fuma-RSU-20200910', 'qr', '2020-09-10', '2099-12-31', '5', '四川广元市利州区G5(京昆高速)', '2020-09-05', '192.168.0.71', '192.168.1.72', 105.837798, 32.482414, '四川省广元市利州区G5(广陕广巴高速公路连接线上西互通)濠口村西405米']
2020-09-27 09:11:42 - /usr/local/nginx/html/tmp1/temp/4cyLIQwSJZ.xlsx
2020-09-27 09:11:42 - Operation Log:  RSU管理员 下载了RSU清单 
2020-09-27 09:12:58 - User rsuAdmin online, IP: 192.168.1.4, login time: 2020-09-27 08:59:06, login Session ID: 523
2020-09-27 09:12:58 - 


Fuma AI Fuma RSU Manage System Starting...



2020-09-27 09:12:58 - PIS Server Starting...
2020-09-27 09:12:58 - Reset all RSU Device Status to offline.
2020-09-27 09:12:58 - RSU Manager Starting...
2020-09-27 09:13:07 - ['SN', '项目名称', '生产厂家', '设备型号', '设备型号(英文)', '设备编号', '设备序列号', '设备描述', '设备类型ID', '生产日期', '生产地点', '生产批次', '二维码', '启用日期', '停用日期', '设备状态', '安装地点', '安装日期', 'IP地址1', 'IP地址2', '经度', '纬度', '地图地点']
2020-09-27 09:13:07 - [1, '四川高路广元G5高速智慧交通项目', '成都福马智行科技有限公司', '福马RSU-V1', 'Fuma-RSU-V1', 'Fuma-RSU-2020-000200', 'SN-Fuma-RSU-2020-000200', '4G/5G+PC5双模路侧单元', 1, '2020-09-10', '四川成都市高新区', 'Fuma-RSU-20200910', 'qr', '2020-09-10', '2099-12-31', '5', '四川广元市利州区G5(京昆高速)', '2020-09-05', '192.168.0.70', '192.168.1.71', 105.85846, 32.486114, '四川省广元市利州区G5(京昆高速)广元市利州区工农中心小学校西北188米']
2020-09-27 09:13:07 - [2, '四川高路广元G5高速智慧交通项目', '成都福马智行科技有限公司', '福马RSU-V1', 'Fuma-RSU-V1', 'Fuma-RSU-2020-000201', 'SN-Fuma-RSU-2020-000201', '4G/5G+PC6双模路侧单元', 1, '2020-09-11', '四川成都市高新区', 'Fuma-RSU-20200910', 'qr', '2020-09-10', '2099-12-31', '5', '四川广元市利州区G5(京昆高速)', '2020-09-05', '192.168.0.71', '192.168.1.72', 105.837798, 32.482414, '四川省广元市利州区G5(广陕广巴高速公路连接线上西互通)濠口村西405米']
2020-09-27 09:13:07 - /usr/local/nginx/html/tmp1/temp/SA48Y05WPo.xlsx
2020-09-27 09:13:07 - Operation Log:  RSU管理员 下载了RSU清单 
2020-09-27 09:14:36 - User rsuAdmin online, IP: 192.168.1.4, login time: 2020-09-27 08:59:06, login Session ID: 523
2020-09-27 09:14:36 - 


Fuma AI Fuma RSU Manage System Starting...



2020-09-27 09:14:36 - PIS Server Starting...
2020-09-27 09:14:36 - Reset all RSU Device Status to offline.
2020-09-27 09:14:36 - RSU Manager Starting...
2020-09-27 09:15:46 - User rsuAdmin online, IP: 192.168.1.4, login time: 2020-09-27 08:59:06, login Session ID: 523
2020-09-27 09:15:46 - 


Fuma AI Fuma RSU Manage System Starting...



2020-09-27 09:15:46 - PIS Server Starting...
2020-09-27 09:15:46 - Reset all RSU Device Status to offline.
2020-09-27 09:15:46 - RSU Manager Starting...
2020-09-27 09:15:51 - ['SN', '项目名称', '生产厂家', '设备型号', '设备型号(英文)', '设备编号', '设备序列号', '设备描述', '设备类型ID', '生产日期', '生产地点', '生产批次', '二维码', '启用日期', '停用日期', '设备状态', '安装地点', '安装日期', 'IP地址1', 'IP地址2', '经度', '纬度', '地图地点']
2020-09-27 09:15:51 - [1, '四川高路广元G5高速智慧交通项目', '成都福马智行科技有限公司', '福马RSU-V1', 'Fuma-RSU-V1', 'Fuma-RSU-2020-000200', 'SN-Fuma-RSU-2020-000200', '4G/5G+PC5双模路侧单元', 1, '2020-09-10', '四川成都市高新区', 'Fuma-RSU-20200910', 'qr', '2020-09-10', '2099-12-31', '5', '四川广元市利州区G5(京昆高速)', '2020-09-05', '192.168.0.70', '192.168.1.71', 105.85846, 32.486114, '四川省广元市利州区G5(京昆高速)广元市利州区工农中心小学校西北188米']
2020-09-27 09:15:51 - [2, '四川高路广元G5高速智慧交通项目', '成都福马智行科技有限公司', '福马RSU-V1', 'Fuma-RSU-V1', 'Fuma-RSU-2020-000201', 'SN-Fuma-RSU-2020-000201', '4G/5G+PC6双模路侧单元', 1, '2020-09-11', '四川成都市高新区', 'Fuma-RSU-20200910', 'qr', '2020-09-10', '2099-12-31', '5', '四川广元市利州区G5(京昆高速)', '2020-09-05', '192.168.0.71', '192.168.1.72', 105.837798, 32.482414, '四川省广元市利州区G5(广陕广巴高速公路连接线上西互通)濠口村西405米']
2020-09-27 09:15:51 - /usr/local/nginx/html/tmp1/temp/9J8yItOSvP.xlsx
2020-09-27 09:15:51 - Operation Log:  RSU管理员 下载了RSU清单 
2020-09-27 09:16:23 - User rsuAdmin online, IP: 192.168.1.4, login time: 2020-09-27 08:59:06, login Session ID: 523
2020-09-27 09:16:23 - 


Fuma AI Fuma RSU Manage System Starting...



2020-09-27 09:16:23 - PIS Server Starting...
2020-09-27 09:16:23 - Reset all RSU Device Status to offline.
2020-09-27 09:16:23 - RSU Manager Starting...
2020-09-27 09:16:27 - ['SN', '项目名称', '生产厂家', '设备型号', '设备型号(英文)', '设备编号', '设备序列号', '设备描述', '设备类型ID', '生产日期', '生产地点', '生产批次', '二维码', '启用日期', '停用日期', '设备状态', '安装地点', '安装日期', 'IP地址1', 'IP地址2', '经度', '纬度', '地图地点']
2020-09-27 09:16:27 - [1, '四川高路广元G5高速智慧交通项目', '成都福马智行科技有限公司', '福马RSU-V1', 'Fuma-RSU-V1', 'Fuma-RSU-2020-000200', 'SN-Fuma-RSU-2020-000200', '4G/5G+PC5双模路侧单元', 1, '2020-09-10', '四川成都市高新区', 'Fuma-RSU-20200910', 'qr', '2020-09-10', '2099-12-31', '5', '四川广元市利州区G5(京昆高速)', '2020-09-05', '192.168.0.70', '192.168.1.71', 105.85846, 32.486114, '四川省广元市利州区G5(京昆高速)广元市利州区工农中心小学校西北188米']
2020-09-27 09:16:27 - [2, '四川高路广元G5高速智慧交通项目', '成都福马智行科技有限公司', '福马RSU-V1', 'Fuma-RSU-V1', 'Fuma-RSU-2020-000201', 'SN-Fuma-RSU-2020-000201', '4G/5G+PC6双模路侧单元', 1, '2020-09-11', '四川成都市高新区', 'Fuma-RSU-20200910', 'qr', '2020-09-10', '2099-12-31', '5', '四川广元市利州区G5(京昆高速)', '2020-09-05', '192.168.0.71', '192.168.1.72', 105.837798, 32.482414, '四川省广元市利州区G5(广陕广巴高速公路连接线上西互通)濠口村西405米']
2020-09-27 09:16:27 - /usr/local/nginx/html/tmp1/temp/saHRqySLPM.xlsx
2020-09-27 09:16:27 - Operation Log:  RSU管理员 下载了RSU清单 
2020-09-27 09:22:07 - User rsuAdmin logout, login Session ID: 523
2020-09-27 09:23:52 - 


Fuma AI Fuma RSU Manage System Starting...



2020-09-27 09:23:52 - PIS Server Starting...
2020-09-27 09:23:52 - Reset all RSU Device Status to offline.
2020-09-27 09:23:52 - RSU Manager Starting...
2020-09-27 09:23:56 - User rsuAdmin login successful, IP: 192.168.1.4, login Time: 2020-09-27 09:23:56, login Session ID: 524
2020-09-27 09:24:56 - User rsuAdmin online, IP: 192.168.1.4, login time: 2020-09-27 09:23:56, login Session ID: 524
2020-09-27 09:24:57 - 


Fuma AI Fuma RSU Manage System Starting...



2020-09-27 09:24:57 - PIS Server Starting...
2020-09-27 09:24:57 - Reset all RSU Device Status to offline.
2020-09-27 09:24:57 - RSU Manager Starting...
2020-09-27 09:25:00 - Operation Log:  RSU管理员 下载了RSU清单 
2020-09-28 08:38:16 - User rsuAdmin online, IP: 192.168.1.4, login time: 2020-09-27 09:23:56, login Session ID: 524
2020-09-28 08:38:16 - 


Fuma AI Fuma RSU Manage System Starting...



2020-09-28 08:38:16 - PIS Server Starting...
2020-09-28 08:38:16 - Reset all RSU Device Status to offline.
2020-09-28 08:38:16 - RSU Manager Starting...
2020-09-28 08:38:56 - User rsuAdmin lost connection, login time: 2020-09-27 09:23:56, IP address: 192.168.1.4, login Session ID: 524
2020-09-28 08:39:06 - User rsuAdmin login successful, IP: 192.168.1.3, login Time: 2020-09-28 08:39:06, login Session ID: 525
2020-09-28 09:12:08 - User supervisor login successful, IP: 192.168.1.3, login Time: 2020-09-28 09:12:08, login Session ID: 526
2020-09-28 09:12:23 - Operation Log: 更新系统用户信息：成都福马智行科技有限公司，Chengdu Fuma AI Tech. Ltd.
2020-09-28 09:18:08 - User supervisor logout, login Session ID: 526
2020-09-28 09:33:07 - User rsuAdmin lost connection, login time: 2020-09-28 08:39:06, IP address: 192.168.1.3, login Session ID: 525
2020-09-28 09:33:12 - User rsuAdmin re-connection, login Session ID: 525, login time: 2020-09-28 08:39:06
2020-09-28 09:49:55 - Operation Log: RSU管理员 创建公告成功：名称：国庆放假通知，编号：2020(012)
2020-09-28 09:50:03 - Operation Log: RSU管理员 更新公告成功：名称：国庆放假通知，编号：2020(012)
2020-09-28 09:51:11 - Operation Log: RSU管理员 更新公告成功：名称：国庆放假通知，编号：2020(012)
2020-09-28 09:57:35 - User rsuAdmin logout, login Session ID: 525
2020-09-28 10:01:45 - User rsuAdmin login successful, IP: 192.168.1.3, login Time: 2020-09-28 10:01:45, login Session ID: 527
2020-09-28 10:02:15 - 测试时使用：视频监播文件：/resource/videofile/0047201837.mp4
2020-09-28 10:02:15 - 使用监播截屏测试图片 - /home/controller/screen/
2020-09-28 10:04:23 - User rsuAdmin logout, login Session ID: 527
2020-09-28 10:04:27 - User metroAdmin login successful, IP: 192.168.1.3, login Time: 2020-09-28 10:04:27, login Session ID: 528
2020-09-28 10:04:43 - User supervisor login successful, IP: 192.168.1.3, login Time: 2020-09-28 10:04:43, login Session ID: 529
2020-09-28 10:05:44 - Operation Log: 更新系统用户信息：成都轨道交通集团公司，Chengdu Metro
2020-09-28 10:05:51 - User metroAdmin logout, login Session ID: 528
2020-09-28 10:05:54 - User metroAdmin login successful, IP: 192.168.1.3, login Time: 2020-09-28 10:05:54, login Session ID: 530
2020-09-28 10:11:43 - User supervisor logout, login Session ID: 529
2020-09-28 10:24:56 - User metroAdmin logout, login Session ID: 530
2020-09-28 10:24:59 - User rsuAdmin login successful, IP: 192.168.1.3, login Time: 2020-09-28 10:24:59, login Session ID: 531
2020-09-28 10:25:09 - User rsuAdmin logout, login Session ID: 531
2020-09-28 10:25:13 - User iotAdmin login successful, IP: 192.168.1.3, login Time: 2020-09-28 10:25:13, login Session ID: 532
2020-09-28 10:25:20 - User supervisor login successful, IP: 192.168.1.3, login Time: 2020-09-28 10:25:20, login Session ID: 533
2020-09-28 10:25:39 - Operation Log: 更新系统用户信息：IOT公司，iotCo,
2020-09-28 10:25:43 - User iotAdmin logout, login Session ID: 532
2020-09-28 10:25:48 - User iotAdmin login successful, IP: 192.168.1.3, login Time: 2020-09-28 10:25:48, login Session ID: 534
2020-09-28 10:30:19 - User rsuAdmin login successful, IP: 192.168.1.3, login Time: 2020-09-28 10:30:19, login Session ID: 535
2020-09-28 10:31:19 - Operation Log: 更新系统用户信息：成都福马智行科技有限公司，Chengdu Fuma AI Tech. Ltd.
2020-09-28 10:35:48 - User iotAdmin logout, login Session ID: 534
2020-09-28 10:36:21 - User supervisor logout, login Session ID: 533
2020-09-28 10:42:23 - User rsuAdmin logout, login Session ID: 535
2020-09-28 13:24:32 - Error: Can not find RSU infrormation by address: 192.168.1.172
2020-09-28 13:24:38 - Error: Can not find RSU infrormation by address: 192.168.1.172
2020-09-28 13:24:44 - Error: Can not find RSU infrormation by address: 192.168.1.172
2020-09-28 13:24:52 - User rsuAdmin login successful, IP: 192.168.1.3, login Time: 2020-09-28 13:24:52, login Session ID: 536
2020-09-28 13:25:13 - Operation Log: RSU管理员 更新RSU设备：名称：福马RSU-V1, Code: Fuma-RSU-2020-000100
2020-09-28 13:25:19 - Fuma-RSU-2020-000100 online
2020-09-28 13:25:19 - Receive RSU InitialRequestMsg from Fuma-RSU-2020-000100 192.168.1.172
2020-09-28 13:25:19 - processInitialRequestMsg
2020-09-28 13:25:24 - Send RSU InitialRequestAckMsg to Fuma-RSU-2020-000100(192.168.1.172:12879)
2020-09-28 13:26:32 - User rsuAdmin online, IP: 192.168.1.3, login time: 2020-09-28 13:24:52, login Session ID: 536
2020-09-28 13:26:33 - 


Fuma AI Fuma RSU Manage System Starting...



2020-09-28 13:26:33 - PIS Server Starting...
2020-09-28 13:26:33 - Reset all RSU Device Status to offline.
2020-09-28 13:26:33 - RSU Manager Starting...
2020-09-28 13:27:17 - Fuma-RSU-2020-000100 online
2020-09-28 13:27:18 - Receive RSU InitialRequestMsg from Fuma-RSU-2020-000100 192.168.1.172
2020-09-28 13:27:18 - processInitialRequestMsg
2020-09-28 13:27:18 - update longtitude latitude
2020-09-28 13:27:18 - send ack msg
2020-09-28 13:27:18 - Send RSU InitialRequestAckMsg to Fuma-RSU-2020-000100(192.168.1.172:12879)
2020-09-28 13:27:18 - ack msg sent
2020-09-28 13:27:36 - User rsuAdmin online, IP: 192.168.1.3, login time: 2020-09-28 13:24:52, login Session ID: 536
2020-09-28 13:27:37 - 


Fuma AI Fuma RSU Manage System Starting...



2020-09-28 13:27:37 - PIS Server Starting...
2020-09-28 13:27:37 - Reset all RSU Device Status to offline.
2020-09-28 13:27:37 - RSU Manager Starting...
2020-09-28 13:27:39 - Fuma-RSU-2020-000100 online
2020-09-28 13:27:39 - Receive RSU InitialRequestMsg from Fuma-RSU-2020-000100 192.168.1.172
2020-09-28 13:27:39 - processInitialRequestMsg
2020-09-28 13:27:39 - update longtitude latitude
2020-09-28 13:27:39 - send ack msg
2020-09-28 13:27:39 - Send RSU InitialRequestAckMsg to Fuma-RSU-2020-000100(192.168.1.172:12879)
2020-09-28 13:27:39 - ack msg sent
2020-09-28 13:27:54 - User rsuAdmin online, IP: 192.168.1.3, login time: 2020-09-28 13:24:52, login Session ID: 536
2020-09-28 13:27:55 - 


Fuma AI Fuma RSU Manage System Starting...



2020-09-28 13:27:55 - PIS Server Starting...
2020-09-28 13:27:55 - Reset all RSU Device Status to offline.
2020-09-28 13:27:55 - RSU Manager Starting...
2020-09-28 13:27:57 - Fuma-RSU-2020-000100 online
2020-09-28 13:27:59 - Receive RSU InitialRequestMsg from Fuma-RSU-2020-000100 192.168.1.172
2020-09-28 13:27:59 - Send RSU InitialRequestAckMsg to Fuma-RSU-2020-000100(192.168.1.172:12879)
2020-09-28 13:28:55 - Error: Fuma-RSU-2020-000100 offline
2020-09-28 13:30:43 - Fuma-RSU-2020-000100 online
2020-09-28 13:30:43 - Receive RSU InitialRequestMsg from Fuma-RSU-2020-000100 192.168.1.172
2020-09-28 13:30:43 - Send RSU InitialRequestAckMsg to Fuma-RSU-2020-000100(192.168.1.172:12879)
2020-09-28 13:31:55 - Error: Fuma-RSU-2020-000100 offline
2020-09-28 13:37:15 - User rsuAdmin lost connection, login time: 2020-09-28 13:24:52, IP address: 192.168.1.3, login Session ID: 536
2020-09-29 08:13:22 - 


Fuma AI Fuma RSU Manage System Starting...



2020-09-29 08:13:22 - PIS Server Starting...
2020-09-29 08:13:22 - Reset all RSU Device Status to offline.
2020-09-29 08:13:22 - RSU Manager Starting...
2020-09-29 08:13:30 - User rsuAdmin login successful, IP: 192.168.1.3, login Time: 2020-09-29 08:13:30, login Session ID: 537
2020-09-29 08:14:37 - Fuma-RSU-2020-000100 online
2020-09-29 08:14:37 - Receive RSU InitialRequestMsg from Fuma-RSU-2020-000100 192.168.1.172
2020-09-29 08:14:37 - Send RSU InitialRequestAckMsg to Fuma-RSU-2020-000100(192.168.1.172:12879)
2020-09-29 08:15:10 - Error: Fuma-RSU-2020-000100 offline
2020-09-29 08:15:16 - Fuma-RSU-2020-000100 online
2020-09-29 08:15:16 - Receive RSU InitialRequestMsg from Fuma-RSU-2020-000100 192.168.1.172
2020-09-29 08:15:16 - Send RSU InitialRequestAckMsg to Fuma-RSU-2020-000100(192.168.1.172:12879)
2020-09-29 08:21:31 - User rsuAdmin logout, login Session ID: 537
2020-09-29 08:50:15 - User rsuAdmin login successful, IP: 192.168.1.3, login Time: 2020-09-29 08:50:15, login Session ID: 538
2020-09-29 08:53:35 - Error: Fuma-RSU-2020-000100 offline
2020-09-29 08:54:06 - Fuma-RSU-2020-000100 online
2020-09-29 08:54:06 - Receive RSU InitialRequestMsg from Fuma-RSU-2020-000100 192.168.1.172
2020-09-29 08:54:06 - Send RSU InitialRequestAckMsg to Fuma-RSU-2020-000100(192.168.1.172:12879)
2020-09-29 08:59:40 - User rsuAdmin lost connection, login time: 2020-09-29 08:50:15, IP address: 192.168.1.3, login Session ID: 538
2020-09-29 09:17:48 - Error: Fuma-RSU-2020-000100 offline
2020-09-29 09:19:49 - 


Fuma AI Fuma RSU Manage System Starting...



2020-09-29 09:19:49 - PIS Server Starting...
2020-09-29 09:19:49 - Reset all RSU Device Status to offline.
2020-09-29 09:19:49 - RSU Manager Starting...
2020-09-29 09:21:59 - Error: Can not find RSU infrormation by address: 192.168.0.108
2020-09-29 09:22:05 - Error: Can not find RSU infrormation by address: 192.168.0.108
2020-09-29 09:22:11 - Error: Can not find RSU infrormation by address: 192.168.0.108
2020-09-29 09:22:26 - User rsuAdmin login successful, IP: 192.168.0.106, login Time: 2020-09-29 09:22:26, login Session ID: 539
2020-09-29 09:22:44 - Operation Log: RSU管理员 更新RSU设备：名称：福马RSU-V1, Code: Fuma-RSU-2020-000100
2020-09-29 09:22:48 - Fuma-RSU-2020-000100 online
2020-09-29 09:22:48 - Receive RSU InitialRequestMsg from Fuma-RSU-2020-000100 192.168.0.108
2020-09-29 09:22:48 - Send RSU InitialRequestAckMsg to Fuma-RSU-2020-000100(192.168.0.108:12879)
2020-09-29 09:36:27 - User rsuAdmin logout, login Session ID: 539
2020-09-29 09:54:59 - Fuma-RSU-2020-000001 online
2020-09-29 09:54:59 - Receive RSU InitialRequestMsg from Fuma-RSU-2020-000001 192.168.0.190
2020-09-29 09:55:05 - Send RSU InitialRequestAckMsg to Fuma-RSU-2020-000001(192.168.0.190:12879)
2020-09-29 09:55:11 - User rsuAdmin login successful, IP: 192.168.0.106, login Time: 2020-09-29 09:55:11, login Session ID: 540
2020-09-29 10:07:09 - Error: Fuma-RSU-2020-000001 offline
2020-09-29 10:08:05 - Fuma-RSU-2020-000001 online
2020-09-29 10:08:05 - Receive RSU InitialRequestMsg from Fuma-RSU-2020-000001 192.168.0.190
2020-09-29 10:08:11 - Send RSU InitialRequestAckMsg to Fuma-RSU-2020-000001(192.168.0.190:12879)
2020-09-29 10:14:11 - User rsuAdmin logout, login Session ID: 540
2020-09-29 10:54:25 - User rsuAdmin login successful, IP: 192.168.0.106, login Time: 2020-09-29 10:54:25, login Session ID: 541
2020-09-29 10:55:18 - Error: User supervisor login failed because wrong password, IP: 192.168.0.106
2020-09-29 10:55:37 - User supervisor login successful, IP: 192.168.0.106, login Time: 2020-09-29 10:55:37, login Session ID: 543
2020-09-29 10:55:50 - Operation Log: 更新系统用户信息：成都福马智行科技有限公司，Chengdu Fuma AI Tech. Ltd.
2020-09-29 10:55:56 - User rsuAdmin logout, login Session ID: 541
2020-09-29 10:56:00 - User rsuAdmin login successful, IP: 192.168.0.106, login Time: 2020-09-29 10:56:00, login Session ID: 544
2020-09-29 10:56:18 - 测试时使用：视频监播文件：/resource/videofile/0047201837.mp4
2020-09-29 10:56:18 - 使用监播截屏测试图片 - /home/controller/screen/
2020-09-29 10:57:03 - Operation Log: 更新系统用户信息：成都福马智行科技有限公司，Chengdu Fuma AI Tech. Ltd.
2020-09-29 11:03:06 - User rsuAdmin logout, login Session ID: 544
2020-09-29 11:03:10 - User supervisor lost connection, login time: 2020-09-29 10:55:37, IP address: 192.168.0.106, login Session ID: 543
2020-09-29 11:10:35 - User rsuAdmin login successful, IP: 192.168.0.106, login Time: 2020-09-29 11:10:35, login Session ID: 545
2020-09-29 11:13:37 - Receive RSU InitialRequestMsg from Fuma-RSU-2020-000001 192.168.0.190
2020-09-29 11:13:38 - Send RSU InitialRequestAckMsg to Fuma-RSU-2020-000001(192.168.0.190:12879)
2020-09-29 11:13:46 - Receive RSU InitialRequestMsg from Fuma-RSU-2020-000100 192.168.0.108
2020-09-29 11:13:47 - Send RSU InitialRequestAckMsg to Fuma-RSU-2020-000100(192.168.0.108:12879)
2020-09-29 11:16:36 - User rsuAdmin logout, login Session ID: 545
2020-09-29 11:17:35 - Error: Can not find RSU infrormation by address: 192.168.0.113
2020-09-29 11:17:47 - User rsuAdmin login successful, IP: 192.168.0.106, login Time: 2020-09-29 11:17:47, login Session ID: 546
2020-09-29 11:18:36 - Operation Log: RSU管理员 更新RSU设备：名称：福马RSU-V1, Code: Fuma-RSU-2020-000123
2020-09-29 11:18:42 - Fuma-RSU-2020-000123 online
2020-09-29 11:18:42 - Receive RSU InitialRequestMsg from Fuma-RSU-2020-000123 192.168.0.113
2020-09-29 11:18:43 - Send RSU InitialRequestAckMsg to Fuma-RSU-2020-000123(192.168.0.113:12879)
2020-09-29 11:25:48 - User rsuAdmin logout, login Session ID: 546
2020-09-29 11:34:59 - Error: Fuma-RSU-2020-000100 offline
2020-09-29 12:04:05 - Error: Fuma-RSU-2020-000001 offline
2020-09-29 13:09:43 - Error: Fuma-RSU-2020-000123 offline
2020-10-14 09:45:25 - 


Fuma AI Fuma RSU Manage System Starting...



2020-10-14 09:45:25 - PIS Server Starting...
2020-10-14 09:45:26 - Reset all RSU Device Status to offline.
2020-10-14 09:45:26 - RSU Manager Starting...
2020-10-14 09:45:44 - User rsuAdmin login successful, IP: 192.168.0.219, login Time: 2020-10-14 09:45:44, login Session ID: 547
2020-10-14 09:46:36 - Fuma-RSU-2020-000001 online
2020-10-14 09:46:36 - Receive RSU InitialRequestMsg from Fuma-RSU-2020-000001 192.168.0.190
2020-10-14 09:46:41 - Send RSU InitialRequestAckMsg to Fuma-RSU-2020-000001(192.168.0.190:12879)
2020-10-14 09:55:46 - User rsuAdmin logout, login Session ID: 547
2020-10-14 09:58:32 - Error: Fuma-RSU-2020-000001 offline
2020-10-18 14:09:03 - 


Fuma AI Fuma RSU Manage System Starting...



2020-10-18 14:09:03 - PIS Server Starting...
2020-10-18 14:09:03 - Reset all RSU Device Status to offline.
2020-10-18 14:09:03 - RSU Manager Starting...
2020-10-18 14:09:05 - Fuma-RSU-2020-000001 online
2020-10-18 14:09:05 - Receive RSU InitialRequestMsg from Fuma-RSU-2020-000001 192.168.0.190
2020-10-18 14:09:11 - Send RSU InitialRequestAckMsg to Fuma-RSU-2020-000001(192.168.0.190:12879)
2020-10-18 14:09:38 - 


Fuma AI Fuma RSU Manage System Starting...



2020-10-18 14:09:38 - PIS Server Starting...
2020-10-18 14:09:38 - Reset all RSU Device Status to offline.
2020-10-18 14:09:38 - RSU Manager Starting...
2020-10-18 14:09:41 - Fuma-RSU-2020-000001 online
2020-10-18 14:09:41 - Receive RSU InitialRequestMsg from Fuma-RSU-2020-000001 192.168.0.190
2020-10-18 14:09:41 - Send RSU InitialRequestAckMsg to Fuma-RSU-2020-000001(192.168.0.190:12879)
2020-10-18 14:12:38 - Error: Fuma-RSU-2020-000001 offline
2020-10-18 14:13:36 - Fuma-RSU-2020-000001 online
2020-10-18 14:13:36 - Receive RSU InitialRequestMsg from Fuma-RSU-2020-000001 192.168.0.190
2020-10-18 14:13:37 - Send RSU InitialRequestAckMsg to Fuma-RSU-2020-000001(192.168.0.190:12879)
2020-10-18 14:15:20 - Error: Fuma-RSU-2020-000001 offline
2020-10-18 14:43:50 - 


Fuma AI Fuma RSU Manage System Starting...



2020-10-18 14:43:50 - PIS Server Starting...
2020-10-18 14:43:50 - Reset all RSU Device Status to offline.
2020-10-18 14:43:50 - RSU Manager Starting...
2020-10-18 14:43:53 - Fuma-RSU-2020-000001 online
2020-10-18 14:43:53 - Receive RSU InitialRequestMsg from Fuma-RSU-2020-000001 192.168.0.190
2020-10-18 14:43:53 - Send RSU InitialRequestAckMsg to Fuma-RSU-2020-000001(192.168.0.190:12879)
2020-10-19 08:12:02 - Receive RSU InitialRequestMsg from Fuma-RSU-2020-000001 192.168.0.190
2020-10-19 08:12:02 - Send RSU InitialRequestAckMsg to Fuma-RSU-2020-000001(192.168.0.190:12879)
2020-10-19 08:12:16 - 


Fuma AI Fuma RSU Manage System Starting...



2020-10-19 08:12:16 - PIS Server Starting...
2020-10-19 08:12:16 - Reset all RSU Device Status to offline.
2020-10-19 08:12:16 - RSU Manager Starting...
2020-10-19 08:12:20 - Fuma-RSU-2020-000001 online
2020-10-19 09:12:06 - Error: Fuma-RSU-2020-000001 offline
2020-10-19 09:12:13 - Fuma-RSU-2020-000001 online
2020-10-19 09:12:13 - Receive RSU InitialRequestMsg from Fuma-RSU-2020-000001 192.168.0.190
2020-10-19 09:12:18 - Send RSU InitialRequestAckMsg to Fuma-RSU-2020-000001(192.168.0.190:12879)
2020-10-19 09:12:37 - Receive RSU InitialRequestMsg from Fuma-RSU-2020-000001 192.168.0.190
2020-10-19 09:12:37 - Send RSU InitialRequestAckMsg to Fuma-RSU-2020-000001(192.168.0.190:12879)
2020-10-19 09:12:54 - Error: Fuma-RSU-2020-000001 offline
2020-10-20 11:57:23 - 


Fuma AI Fuma RSU Manage System Starting...



2020-10-20 11:57:24 - Reset all RSU Device Status to offline.
2020-10-20 11:57:24 - PIS Server Starting...
2020-10-20 11:57:24 - create socket server error: 192.168.0.190:11615, code: 98, desciption: Address already in use
2020-10-20 11:57:24 - RSU Manager Starting...
2020-10-20 11:57:26 - create socket server error: 192.168.0.190:11615, code: 98, desciption: Address already in use
2020-10-20 11:57:28 - create socket server error: 192.168.0.190:11615, code: 98, desciption: Address already in use
2020-10-20 11:57:30 - create socket server error: 192.168.0.190:11615, code: 98, desciption: Address already in use
2020-10-20 11:57:48 - 


Fuma AI Fuma RSU Manage System Starting...



2020-10-20 11:57:48 - PIS Server Starting...
2020-10-20 11:57:48 - Reset all RSU Device Status to offline.
2020-10-20 11:57:48 - RSU Manager Starting...
2020-10-20 11:57:54 - Fuma-RSU-2020-000001 online
2020-10-20 11:58:15 - User rsuAdmin login successful, IP: 192.168.0.108, login Time: 2020-10-20 11:58:15, login Session ID: 548
2020-10-23 08:55:38 - User rsuAdmin online, IP: 192.168.0.108, login time: 2020-10-20 11:58:15, login Session ID: 548
2020-10-23 08:55:39 - 


Fuma AI Fuma RSU Manage System Starting...



2020-10-23 08:55:39 - PIS Server Starting...
2020-10-23 08:55:39 - Reset all RSU Device Status to offline.
2020-10-23 08:55:39 - RSU Manager Starting...
2020-10-23 08:55:56 - Fuma-RSU-2020-000001 online
2020-10-23 08:55:56 - Receive RSU InitialRequestMsg from Fuma-RSU-2020-000001 192.168.0.190
2020-10-23 08:55:56 - Send RSU InitialRequestAckMsg to Fuma-RSU-2020-000001(192.168.0.190:12879)
2020-10-23 08:56:18 - User rsuAdmin lost connection, login time: 2020-10-20 11:58:15, IP address: 192.168.0.108, login Session ID: 548
2020-10-23 08:56:33 - Error: Fuma-RSU-2020-000001 offline
2020-10-23 08:57:13 - Fuma-RSU-2020-000001 online
2020-10-23 08:57:13 - Receive RSU InitialRequestMsg from Fuma-RSU-2020-000001 192.168.0.190
2020-10-23 08:57:14 - Send RSU InitialRequestAckMsg to Fuma-RSU-2020-000001(192.168.0.190:12879)
2020-10-23 08:59:03 - Error: Fuma-RSU-2020-000001 offline
2020-10-23 08:59:15 - Fuma-RSU-2020-000001 online
2020-10-23 08:59:15 - Receive RSU InitialRequestMsg from Fuma-RSU-2020-000001 192.168.0.190
2020-10-23 08:59:16 - Send RSU InitialRequestAckMsg to Fuma-RSU-2020-000001(192.168.0.190:12879)
2020-10-23 08:59:47 - User rsuAdmin login successful, IP: 192.168.0.106, login Time: 2020-10-23 08:59:47, login Session ID: 549
2020-10-23 09:00:30 - Operation Log: RSU管理员 Send RSU_MSG_UpdateSoftware to device, filename: rsuV1.tar.gz
2020-10-23 09:00:30 - Send RSU UpdateSoftwareMsg to Fuma-RSU-2020-000001(192.168.0.190:12879)
2020-10-23 09:00:30 - Receive RSU UpdateSoftwareAckMsg from Fuma-RSU-2020-000001 192.168.0.190
2020-10-23 09:00:48 - Receive RSU InitialRequestMsg from Fuma-RSU-2020-000001 192.168.0.190
2020-10-23 09:00:49 - Send RSU InitialRequestAckMsg to Fuma-RSU-2020-000001(192.168.0.190:12879)
2020-10-23 09:00:54 - Operation Log: RSU管理员 Send RSU_MSG_UpdateSoftware to device, filename: rsuV1.tar.gz
2020-10-23 09:00:54 - Send RSU UpdateSoftwareMsg to Fuma-RSU-2020-000001(192.168.0.190:12879)
2020-10-23 09:00:54 - Receive RSU UpdateSoftwareAckMsg from Fuma-RSU-2020-000001 192.168.0.190
2020-10-23 09:01:21 - Error: Fuma-RSU-2020-000001 offline
2020-10-23 09:01:44 - Fuma-RSU-2020-000001 online
2020-10-23 09:01:44 - Receive RSU InitialRequestMsg from Fuma-RSU-2020-000001 192.168.0.190
2020-10-23 09:01:44 - Send RSU InitialRequestAckMsg to Fuma-RSU-2020-000001(192.168.0.190:12879)
2020-10-23 09:01:49 - Operation Log: RSU管理员 Send RSU_MSG_UpdateSoftware to device, filename: rsuV1.tar.gz
2020-10-23 09:01:49 - Send RSU UpdateSoftwareMsg to Fuma-RSU-2020-000001(192.168.0.190:12879)
2020-10-23 09:01:49 - Receive RSU UpdateSoftwareAckMsg from Fuma-RSU-2020-000001 192.168.0.190
2020-10-23 09:02:09 - Error: Fuma-RSU-2020-000001 offline
2020-10-23 09:18:24 - User rsuAdmin lost connection, login time: 2020-10-23 08:59:47, IP address: 192.168.0.106, login Session ID: 549
2020-10-23 09:20:19 - 


Fuma AI Fuma RSU Manage System Starting...



2020-10-23 09:20:19 - PIS Server Starting...
2020-10-23 09:20:19 - Reset all RSU Device Status to offline.
2020-10-23 09:20:19 - RSU Manager Starting...
2020-10-23 09:20:22 - User rsuAdmin login successful, IP: 192.168.0.181, login Time: 2020-10-23 09:20:22, login Session ID: 550
2020-10-23 09:20:29 - Fuma-RSU-2020-000001 online
2020-10-23 09:20:29 - Receive RSU InitialRequestMsg from Fuma-RSU-2020-000001 192.168.0.190
2020-10-23 09:20:30 - Send RSU InitialRequestAckMsg to Fuma-RSU-2020-000001(192.168.0.190:12879)
2020-10-23 09:20:45 - Operation Log: RSU管理员 Send RSU_MSG_UpdateSoftware to device, filename: rsuV1.tar.gz
2020-10-23 09:20:45 - Send RSU UpdateSoftwareMsg to Fuma-RSU-2020-000001(192.168.0.190:12879)
2020-10-23 09:20:45 - Receive RSU UpdateSoftwareAckMsg from Fuma-RSU-2020-000001 192.168.0.190
2020-10-23 09:21:01 - Receive RSU InitialRequestMsg from Fuma-RSU-2020-000001 192.168.0.190
2020-10-23 09:21:01 - Send RSU InitialRequestAckMsg to Fuma-RSU-2020-000001(192.168.0.190:12879)
2020-10-23 09:21:06 - Operation Log: RSU管理员 Send RSU_MSG_UpdateSoftware to device, filename: rsuV1.tar.gz
2020-10-23 09:21:06 - Send RSU UpdateSoftwareMsg to Fuma-RSU-2020-000001(192.168.0.190:12879)
2020-10-23 09:21:06 - Receive RSU UpdateSoftwareAckMsg from Fuma-RSU-2020-000001 192.168.0.190
2020-10-23 09:21:25 - Error: Fuma-RSU-2020-000001 offline
2020-10-23 09:22:57 - Fuma-RSU-2020-000001 online
2020-10-23 09:22:57 - Receive RSU InitialRequestMsg from Fuma-RSU-2020-000001 192.168.0.190
2020-10-23 09:22:58 - Send RSU InitialRequestAckMsg to Fuma-RSU-2020-000001(192.168.0.190:12879)
2020-10-23 09:23:02 - Operation Log: RSU管理员 Send RSU_MSG_UpdateSoftware to device, filename: rsuV1.tar.gz
2020-10-23 09:23:02 - Send RSU UpdateSoftwareMsg to Fuma-RSU-2020-000001(192.168.0.190:12879)
2020-10-23 09:23:02 - Receive RSU UpdateSoftwareAckMsg from Fuma-RSU-2020-000001 192.168.0.190
2020-10-23 09:23:49 - Error: Fuma-RSU-2020-000001 offline
2020-10-23 09:31:42 - Fuma-RSU-2020-000001 online
2020-10-23 09:31:42 - Receive RSU InitialRequestMsg from Fuma-RSU-2020-000001 192.168.0.190
2020-10-23 09:31:44 - Send RSU InitialRequestAckMsg to Fuma-RSU-2020-000001(192.168.0.190:12879)
2020-10-23 09:31:46 - Operation Log: RSU管理员 Send RSU_MSG_UpdateSoftware to device, filename: rsuV1.tar.gz
2020-10-23 09:31:46 - Send RSU UpdateSoftwareMsg to Fuma-RSU-2020-000001(192.168.0.190:12879)
2020-10-23 09:31:46 - Receive RSU UpdateSoftwareAckMsg from Fuma-RSU-2020-000001 192.168.0.190
2020-10-23 09:32:19 - Error: Fuma-RSU-2020-000001 offline
2020-10-23 09:37:22 - User rsuAdmin logout, login Session ID: 550
2020-10-23 10:24:23 - Fuma-RSU-2020-000001 online
2020-10-23 10:24:23 - Receive RSU InitialRequestMsg from Fuma-RSU-2020-000001 192.168.0.190
2020-10-23 10:24:29 - Send RSU InitialRequestAckMsg to Fuma-RSU-2020-000001(192.168.0.190:12879)
2020-10-23 10:24:51 - 


Fuma AI Fuma RSU Manage System Starting...



2020-10-23 10:24:51 - PIS Server Starting...
2020-10-23 10:24:51 - Reset all RSU Device Status to offline.
2020-10-23 10:24:51 - RSU Manager Starting...
2020-10-23 10:24:53 - Fuma-RSU-2020-000001 online
2020-10-23 10:25:01 - User rsuAdmin login successful, IP: 192.168.0.15, login Time: 2020-10-23 10:25:01, login Session ID: 551
2020-10-23 10:25:13 - Operation Log: RSU管理员 Send RSU_MSG_UpdateSoftware to device, filename: rsuV1.tar.gz
2020-10-23 10:25:13 - Send RSU UpdateSoftwareMsg to Fuma-RSU-2020-000001(192.168.0.190:12879)
2020-10-23 10:25:13 - Receive RSU UpdateSoftwareAckMsg from Fuma-RSU-2020-000001 192.168.0.190
2020-10-23 10:25:51 - Error: Fuma-RSU-2020-000001 offline
2020-10-23 10:26:14 - Fuma-RSU-2020-000001 online
2020-10-23 10:26:14 - Receive RSU InitialRequestMsg from Fuma-RSU-2020-000001 192.168.0.190
2020-10-23 10:26:15 - Send RSU InitialRequestAckMsg to Fuma-RSU-2020-000001(192.168.0.190:12879)
2020-10-23 10:26:18 - Operation Log: RSU管理员 Send RSU_MSG_UpdateSoftware to device, filename: rsuV1.tar.gz
2020-10-23 10:26:18 - Send RSU UpdateSoftwareMsg to Fuma-RSU-2020-000001(192.168.0.190:12879)
2020-10-23 10:26:18 - Receive RSU UpdateSoftwareAckMsg from Fuma-RSU-2020-000001 192.168.0.190
2020-10-23 10:26:45 - Receive RSU InitialRequestMsg from Fuma-RSU-2020-000001 192.168.0.190
2020-10-23 10:26:47 - Send RSU InitialRequestAckMsg to Fuma-RSU-2020-000001(192.168.0.190:12879)
2020-10-23 10:26:48 - Operation Log: RSU管理员 Send RSU_MSG_UpdateSoftware to device, filename: rsuV1.tar.gz
2020-10-23 10:26:48 - Send RSU UpdateSoftwareMsg to Fuma-RSU-2020-000001(192.168.0.190:12879)
2020-10-23 10:26:48 - Receive RSU UpdateSoftwareAckMsg from Fuma-RSU-2020-000001 192.168.0.190
2020-10-23 10:26:51 - Error: Fuma-RSU-2020-000001 offline
2020-10-23 10:26:51 - Fuma-RSU-2020-000001 online
2020-10-23 10:27:21 - Error: Fuma-RSU-2020-000001 offline
2020-10-23 10:29:06 - Fuma-RSU-2020-000001 online
2020-10-23 10:29:06 - Receive RSU InitialRequestMsg from Fuma-RSU-2020-000001 192.168.0.190
2020-10-23 10:29:07 - Send RSU InitialRequestAckMsg to Fuma-RSU-2020-000001(192.168.0.190:12879)
2020-10-23 10:29:10 - Operation Log: RSU管理员 Send RSU_MSG_UpdateSoftware to device, filename: rsuV1.tar.gz
2020-10-23 10:29:10 - Send RSU UpdateSoftwareMsg to Fuma-RSU-2020-000001(192.168.0.190:12879)
2020-10-23 10:29:10 - Receive RSU UpdateSoftwareAckMsg from Fuma-RSU-2020-000001 192.168.0.190
2020-10-23 10:29:39 - Error: Fuma-RSU-2020-000001 offline
2020-10-23 10:29:48 - Fuma-RSU-2020-000001 online
2020-10-23 10:29:48 - Receive RSU InitialRequestMsg from Fuma-RSU-2020-000001 192.168.0.190
2020-10-23 10:29:50 - Operation Log: RSU管理员 Send RSU_MSG_UpdateSoftware to device, filename: rsuV1.tar.gz
2020-10-23 10:29:50 - Send RSU UpdateSoftwareMsg to Fuma-RSU-2020-000001(192.168.0.190:12879)
2020-10-23 10:29:50 - Receive RSU UpdateSoftwareAckMsg from Fuma-RSU-2020-000001 192.168.0.190
2020-10-23 10:29:51 - Send RSU InitialRequestAckMsg to Fuma-RSU-2020-000001(192.168.0.190:12879)
2020-10-23 10:30:21 - Error: Fuma-RSU-2020-000001 offline
2020-10-23 10:36:01 - User rsuAdmin logout, login Session ID: 551
2020-10-23 10:37:33 - Fuma-RSU-2020-000001 online
2020-10-23 10:37:33 - Receive RSU InitialRequestMsg from Fuma-RSU-2020-000001 192.168.0.190
2020-10-23 10:37:33 - Send RSU InitialRequestAckMsg to Fuma-RSU-2020-000001(192.168.0.190:12879)
2020-10-23 10:37:37 - User rsuAdmin login successful, IP: 192.168.0.15, login Time: 2020-10-23 10:37:37, login Session ID: 552
2020-10-23 10:37:49 - Operation Log: RSU管理员 Send RSU_MSG_UpdateSoftware to device, filename: rsuV1.tar.gz
2020-10-23 10:37:49 - Send RSU UpdateSoftwareMsg to Fuma-RSU-2020-000001(192.168.0.190:12879)
2020-10-23 10:37:49 - Receive RSU UpdateSoftwareAckMsg from Fuma-RSU-2020-000001 192.168.0.190
2020-10-23 10:38:15 - Error: Fuma-RSU-2020-000001 offline
2020-10-23 10:39:43 - Fuma-RSU-2020-000001 online
2020-10-23 10:39:43 - Receive RSU InitialRequestMsg from Fuma-RSU-2020-000001 192.168.0.190
2020-10-23 10:39:45 - Send RSU InitialRequestAckMsg to Fuma-RSU-2020-000001(192.168.0.190:12879)
2020-10-23 10:39:48 - Operation Log: RSU管理员 Send RSU_MSG_UpdateSoftware to device, filename: rsuV1.tar.gz
2020-10-23 10:39:48 - Send RSU UpdateSoftwareMsg to Fuma-RSU-2020-000001(192.168.0.190:12879)
2020-10-23 10:39:48 - Receive RSU UpdateSoftwareAckMsg from Fuma-RSU-2020-000001 192.168.0.190
2020-10-23 10:40:15 - Error: Fuma-RSU-2020-000001 offline
2020-10-23 10:54:35 - User rsuAdmin lost connection, login time: 2020-10-23 10:37:37, IP address: 192.168.0.15, login Session ID: 552
2020-10-23 11:21:33 - 


Fuma AI Fuma RSU Manage System Starting...



2020-10-23 11:21:33 - PIS Server Starting...
2020-10-23 11:21:33 - Reset all RSU Device Status to offline.
2020-10-23 11:21:33 - RSU Manager Starting...
2020-10-23 11:21:35 - Fuma-RSU-2020-000001 online
2020-10-23 11:21:35 - Receive RSU InitialRequestMsg from Fuma-RSU-2020-000001 192.168.0.190
2020-10-23 11:21:40 - Receive RSU InitialRequestMsg from Fuma-RSU-2020-000001 192.168.0.190
2020-10-23 11:21:40 - Send RSU InitialRequestAckMsg to Fuma-RSU-2020-000001(192.168.0.190:12879)
2020-10-23 11:21:40 - Send RSU InitialRequestAckMsg to Fuma-RSU-2020-000001(192.168.0.190:12879)
2020-10-23 11:21:48 - User rsuAdmin login successful, IP: 192.168.0.112, login Time: 2020-10-23 11:21:48, login Session ID: 553
2020-10-23 11:23:12 - Operation Log: RSU管理员 Send RSU_MSG_UpdateSoftware to device, filename: rsuV1.tar.gz
2020-10-23 11:23:12 - Send RSU UpdateSoftwareMsg to Fuma-RSU-2020-000001(192.168.0.190:12879)
2020-10-23 11:23:12 - Receive RSU UpdateSoftwareAckMsg from Fuma-RSU-2020-000001 192.168.0.190
2020-10-23 11:23:45 - Error: Fuma-RSU-2020-000001 offline
2020-10-23 11:28:24 - Fuma-RSU-2020-000001 online
2020-10-23 11:28:24 - Receive RSU InitialRequestMsg from Fuma-RSU-2020-000001 192.168.0.190
2020-10-23 11:28:30 - Send RSU InitialRequestAckMsg to Fuma-RSU-2020-000001(192.168.0.190:12879)
2020-10-23 11:28:33 - Operation Log: RSU管理员 Send RSU_MSG_UpdateSoftware to device, filename: rsuV1.tar.gz
2020-10-23 11:28:33 - Send RSU UpdateSoftwareMsg to Fuma-RSU-2020-000001(192.168.0.190:12879)
2020-10-23 11:28:33 - Receive RSU UpdateSoftwareAckMsg from Fuma-RSU-2020-000001 192.168.0.190
2020-10-23 11:29:09 - Error: Fuma-RSU-2020-000001 offline
2020-10-23 11:29:11 - Fuma-RSU-2020-000001 online
2020-10-23 11:29:11 - Receive RSU InitialRequestMsg from Fuma-RSU-2020-000001 192.168.0.190
2020-10-23 11:29:11 - Send RSU InitialRequestAckMsg to Fuma-RSU-2020-000001(192.168.0.190:12879)
2020-10-23 11:29:15 - Operation Log: RSU管理员 Send RSU_MSG_UpdateSoftware to device, filename: rsuV1.tar.gz
2020-10-23 11:29:15 - Send RSU UpdateSoftwareMsg to Fuma-RSU-2020-000001(192.168.0.190:12879)
2020-10-23 11:29:15 - Receive RSU UpdateSoftwareAckMsg from Fuma-RSU-2020-000001 192.168.0.190
2020-10-23 11:29:45 - Error: Fuma-RSU-2020-000001 offline
2020-10-23 11:33:41 - Fuma-RSU-2020-000001 online
2020-10-23 11:33:41 - Receive RSU InitialRequestMsg from Fuma-RSU-2020-000001 192.168.0.190
2020-10-23 11:33:41 - Send RSU InitialRequestAckMsg to Fuma-RSU-2020-000001(192.168.0.190:12879)
2020-10-23 11:34:12 - Operation Log: RSU管理员 Send RSU_MSG_UpdateSoftware to device, filename: rsuV1.tar.gz
2020-10-23 11:34:12 - Send RSU UpdateSoftwareMsg to Fuma-RSU-2020-000001(192.168.0.190:12879)
2020-10-23 11:34:12 - Receive RSU UpdateSoftwareAckMsg from Fuma-RSU-2020-000001 192.168.0.190
2020-10-23 11:34:38 - Receive RSU InitialRequestMsg from Fuma-RSU-2020-000001 192.168.0.190
2020-10-23 11:34:38 - Send RSU InitialRequestAckMsg to Fuma-RSU-2020-000001(192.168.0.190:12879)
2020-10-23 11:34:41 - Operation Log: RSU管理员 Send RSU_MSG_UpdateSoftware to device, filename: rsuV1.tar.gz
2020-10-23 11:34:41 - Send RSU UpdateSoftwareMsg to Fuma-RSU-2020-000001(192.168.0.190:12879)
2020-10-23 11:34:41 - Receive RSU UpdateSoftwareAckMsg from Fuma-RSU-2020-000001 192.168.0.190
2020-10-23 11:35:09 - Error: Fuma-RSU-2020-000001 offline
2020-10-23 11:37:48 - Fuma-RSU-2020-000001 online
2020-10-23 11:37:48 - Receive RSU InitialRequestMsg from Fuma-RSU-2020-000001 192.168.0.190
2020-10-23 11:37:48 - Send RSU InitialRequestAckMsg to Fuma-RSU-2020-000001(192.168.0.190:12879)
2020-10-23 11:37:51 - Operation Log: RSU管理员 Send RSU_MSG_UpdateSoftware to device, filename: rsuV1.tar.gz
2020-10-23 11:37:51 - Send RSU UpdateSoftwareMsg to Fuma-RSU-2020-000001(192.168.0.190:12879)
2020-10-23 11:37:51 - Receive RSU UpdateSoftwareAckMsg from Fuma-RSU-2020-000001 192.168.0.190
2020-10-23 11:38:22 - Error: Fuma-RSU-2020-000001 offline
2020-10-23 11:40:11 - Fuma-RSU-2020-000001 online
2020-10-23 11:40:11 - Receive RSU InitialRequestMsg from Fuma-RSU-2020-000001 192.168.0.190
2020-10-23 11:40:11 - Send RSU InitialRequestAckMsg to Fuma-RSU-2020-000001(192.168.0.190:12879)
2020-10-23 11:40:14 - Operation Log: RSU管理员 Send RSU_MSG_UpdateSoftware to device, filename: rsuV1.tar.gz
2020-10-23 11:40:14 - Send RSU UpdateSoftwareMsg to Fuma-RSU-2020-000001(192.168.0.190:12879)
2020-10-23 11:40:14 - Receive RSU UpdateSoftwareAckMsg from Fuma-RSU-2020-000001 192.168.0.190
2020-10-23 11:40:58 - Error: Fuma-RSU-2020-000001 offline
2020-10-23 11:43:03 - Fuma-RSU-2020-000001 online
2020-10-23 11:43:03 - Receive RSU InitialRequestMsg from Fuma-RSU-2020-000001 192.168.0.190
2020-10-23 11:43:03 - Send RSU InitialRequestAckMsg to Fuma-RSU-2020-000001(192.168.0.190:12879)
2020-10-23 11:43:06 - Operation Log: RSU管理员 Send RSU_MSG_UpdateSoftware to device, filename: rsuV1.tar.gz
2020-10-23 11:43:06 - Send RSU UpdateSoftwareMsg to Fuma-RSU-2020-000001(192.168.0.190:12879)
2020-10-23 11:43:06 - Receive RSU UpdateSoftwareAckMsg from Fuma-RSU-2020-000001 192.168.0.190
2020-10-23 11:43:34 - Error: Fuma-RSU-2020-000001 offline
2020-10-23 11:46:05 - Fuma-RSU-2020-000001 online
2020-10-23 11:46:05 - Receive RSU InitialRequestMsg from Fuma-RSU-2020-000001 192.168.0.190
2020-10-23 11:46:05 - Send RSU InitialRequestAckMsg to Fuma-RSU-2020-000001(192.168.0.190:12879)
2020-10-23 11:46:09 - Operation Log: RSU管理员 Send RSU_MSG_UpdateSoftware to device, filename: rsuV1.tar.gz
2020-10-23 11:46:09 - Send RSU UpdateSoftwareMsg to Fuma-RSU-2020-000001(192.168.0.190:12879)
2020-10-23 11:46:09 - Receive RSU UpdateSoftwareAckMsg from Fuma-RSU-2020-000001 192.168.0.190
2020-10-23 11:46:40 - Error: Fuma-RSU-2020-000001 offline
2020-10-23 11:47:07 - Fuma-RSU-2020-000001 online
2020-10-23 11:47:07 - Receive RSU InitialRequestMsg from Fuma-RSU-2020-000001 192.168.0.190
2020-10-23 11:47:12 - Send RSU InitialRequestAckMsg to Fuma-RSU-2020-000001(192.168.0.190:12879)
2020-10-23 11:47:40 - User rsuAdmin lost connection, login time: 2020-10-23 11:21:48, IP address: 192.168.0.112, login Session ID: 553
2020-10-23 11:49:58 - Receive RSU InitialRequestMsg from Fuma-RSU-2020-000001 192.168.0.190
2020-10-23 11:49:59 - Send RSU InitialRequestAckMsg to Fuma-RSU-2020-000001(192.168.0.190:12879)
2020-10-23 11:50:02 - Operation Log: RSU管理员 Send RSU_MSG_UpdateSoftware to device, filename: rsuV1.tar.gz
2020-10-23 11:50:02 - Send RSU UpdateSoftwareMsg to Fuma-RSU-2020-000001(192.168.0.190:12879)
2020-10-23 11:50:02 - Receive RSU UpdateSoftwareAckMsg from Fuma-RSU-2020-000001 192.168.0.190
2020-10-23 11:50:02 - User rsuAdmin re-connection, login Session ID: 553, login time: 2020-10-23 11:21:48
2020-10-23 11:50:28 - Error: Fuma-RSU-2020-000001 offline
2020-10-23 11:50:29 - Fuma-RSU-2020-000001 online
2020-10-23 11:50:29 - Receive RSU InitialRequestMsg from Fuma-RSU-2020-000001 192.168.0.190
2020-10-23 11:50:30 - Send RSU InitialRequestAckMsg to Fuma-RSU-2020-000001(192.168.0.190:12879)
2020-10-23 11:50:33 - Operation Log: RSU管理员 Send RSU_MSG_UpdateSoftware to device, filename: rsuV1.tar.gz
2020-10-23 11:50:33 - Send RSU UpdateSoftwareMsg to Fuma-RSU-2020-000001(192.168.0.190:12879)
2020-10-23 11:50:33 - Receive RSU UpdateSoftwareAckMsg from Fuma-RSU-2020-000001 192.168.0.190
2020-10-23 11:52:10 - Error: Fuma-RSU-2020-000001 offline
2020-10-23 11:53:51 - Fuma-RSU-2020-000001 online
2020-10-23 11:53:51 - Receive RSU InitialRequestMsg from Fuma-RSU-2020-000001 192.168.0.190
2020-10-23 11:53:52 - Send RSU InitialRequestAckMsg to Fuma-RSU-2020-000001(192.168.0.190:12879)
2020-10-23 11:53:55 - Operation Log: RSU管理员 Send RSU_MSG_UpdateSoftware to device, filename: rsuV1.tar.gz
2020-10-23 11:53:55 - Send RSU UpdateSoftwareMsg to Fuma-RSU-2020-000001(192.168.0.190:12879)
2020-10-23 11:53:55 - Receive RSU UpdateSoftwareAckMsg from Fuma-RSU-2020-000001 192.168.0.190
2020-10-23 11:54:28 - Error: Fuma-RSU-2020-000001 offline
2020-10-23 11:54:53 - Fuma-RSU-2020-000001 online
2020-10-23 11:54:53 - Receive RSU InitialRequestMsg from Fuma-RSU-2020-000001 192.168.0.190
2020-10-23 11:54:53 - Send RSU InitialRequestAckMsg to Fuma-RSU-2020-000001(192.168.0.190:12879)
2020-10-23 11:54:56 - Operation Log: RSU管理员 Send RSU_MSG_UpdateSoftware to device, filename: rsuV1.tar.gz
2020-10-23 11:54:56 - Send RSU UpdateSoftwareMsg to Fuma-RSU-2020-000001(192.168.0.190:12879)
2020-10-23 11:54:56 - Receive RSU UpdateSoftwareAckMsg from Fuma-RSU-2020-000001 192.168.0.190
2020-10-23 11:55:46 - Receive RSU InitialRequestMsg from Fuma-RSU-2020-000001 192.168.0.190
2020-10-23 11:55:46 - Send RSU InitialRequestAckMsg to Fuma-RSU-2020-000001(192.168.0.190:12879)
2020-10-23 11:55:58 - Error: Fuma-RSU-2020-000001 offline
2020-10-23 11:57:22 - Fuma-RSU-2020-000001 online
2020-10-23 11:57:22 - Receive RSU InitialRequestMsg from Fuma-RSU-2020-000001 192.168.0.190
2020-10-23 11:57:22 - Send RSU InitialRequestAckMsg to Fuma-RSU-2020-000001(192.168.0.190:12879)
2020-10-23 11:57:25 - Operation Log: RSU管理员 Send RSU_MSG_UpdateSoftware to device, filename: rsuV1.tar.gz
2020-10-23 11:57:25 - Send RSU UpdateSoftwareMsg to Fuma-RSU-2020-000001(192.168.0.190:12879)
2020-10-23 11:57:25 - Receive RSU UpdateSoftwareAckMsg from Fuma-RSU-2020-000001 192.168.0.190
2020-10-25 08:12:06 - User rsuAdmin lost connection, login time: 2020-10-23 11:21:48, IP address: 192.168.0.112, login Session ID: 553
2020-10-25 08:12:40 - 


Fuma AI Fuma RSU Manage System Starting...



2020-10-25 08:12:40 - PIS Server Starting...
2020-10-25 08:12:41 - Reset all RSU Device Status to offline.
2020-10-25 08:12:41 - RSU Manager Starting...
2020-10-25 08:12:43 - Fuma-RSU-2020-000001 online
2020-10-25 08:12:57 - User rsuAdmin login successful, IP: 192.168.0.77, login Time: 2020-10-25 08:12:57, login Session ID: 554
2020-10-25 08:13:41 - Error: Fuma-RSU-2020-000001 offline
2020-10-25 08:13:42 - Fuma-RSU-2020-000001 online
2020-10-25 08:13:42 - Receive RSU InitialRequestMsg from Fuma-RSU-2020-000001 192.168.0.190
2020-10-25 08:13:42 - Send RSU InitialRequestAckMsg to Fuma-RSU-2020-000001(192.168.0.190:12879)
2020-10-25 08:20:30 - User rsuAdmin lost connection, login time: 2020-10-25 08:12:57, IP address: 192.168.0.77, login Session ID: 554
